2017-07-28 03:32:24,149 - os.name - Windows 10
2017-07-28 03:32:24,164 - os.arch - amd64
2017-07-28 03:32:24,164 - os.version - 10.0
2017-07-28 03:32:24,164 - java.version - 1.8.0_111
2017-07-28 03:32:24,164 - java.vendor - Oracle Corporation
2017-07-28 03:32:24,164 - java.vendor.url - http://java.oracle.com/
2017-07-28 03:32:24,164 - java.home - C:\Program Files\Java\jre1.8.0_111
2017-07-28 03:32:24,164 - java.vm.specification.name - Java Virtual Machine Specification
2017-07-28 03:32:24,164 - java.vm.specification.vendor - Oracle Corporation
2017-07-28 03:32:24,164 - java.vm.specification.version - 1.8
2017-07-28 03:32:24,164 - java.class.path - D:\eclipseIDEAndroid\eclipse\\plugins/org.eclipse.equinox.launcher_1.3.201.v20161025-1711.jar
2017-07-28 03:32:24,164 - java.library.path - D:\eclipseIDEAndroid\eclipse;C:\WINDOWS\Sun\Java\bin;C:\WINDOWS\system32;C:\WINDOWS;C:/Program Files/Java/jre1.8.0_111/bin/server;C:/Program Files/Java/jre1.8.0_111/bin;C:/Program Files/Java/jre1.8.0_111/lib/amd64;C:\Program Files (x86)\Python36-32\Scripts\;C:\Program Files (x86)\Python36-32\;C:\Program Files (x86)\ActiveState Komodo Edit 9\;C:\ProgramData\Oracle\Java\javapath;G:\app\Ash\product\11.2.0\dbhome_1\bin;C:\Program Files (x86)\Intel\iCLS Client\;C:\Program Files\Intel\iCLS Client\;C:\Windows\system32;C:\Windows;C:\Windows\System32\Wbem;C:\Windows\System32\WindowsPowerShell\v1.0\;C:\Program Files (x86)\Intel\OpenCL SDK\2.0\bin\x86;C:\Program Files (x86)\Intel\OpenCL SDK\2.0\bin\x64;C:\Program Files\Intel\Intel(R) Management Engine Components\DAL;C:\Program Files\Intel\Intel(R) Management Engine Components\IPT;C:\Program Files (x86)\Intel\Intel(R) Management Engine Components\DAL;C:\Program Files (x86)\Intel\Intel(R) Management Engine Components\IPT;C:\Program Files\MiKTeX 2.9\miktex\bin\x64\;C:\Program Files\Microsoft SQL Server\110\Tools\Binn\;C:\Program Files\Microsoft SQL Server\120\Tools\Binn\;C:\WINDOWS\system32;C:\WINDOWS;C:\WINDOWS\System32\Wbem;C:\WINDOWS\System32\WindowsPowerShell\v1.0\;D:\wamp\bin\php\php5.5.12;C:\ProgramData\ComposerSetup\bin;C:\HashiCorp\Vagrant\bin;C:\Program Files (x86)\Common Files\lenovo\easyplussdk\bin;C:\Program Files\nodejs\;C:\Program Files (x86)\Skype\Phone\;C:\Program Files (x86)\MySQL\MySQL Server 5.0\bin;D:\Software;;.
2017-07-28 03:32:24,164 - --------------------------------------
2017-07-28 03:32:24,164 - ## Eclipse Plug-ins Log Information ##
2017-07-28 03:32:24,164 - --------------------------------------
2017-07-28 03:32:24,489 - javax.el - 2.2.0.v201303151357
2017-07-28 03:32:24,490 - javax.servlet - 3.1.0.v201410161800
2017-07-28 03:32:24,491 - javax.servlet.jsp - 2.2.0.v201112011158
2017-07-28 03:32:24,492 - com.sun.el - 2.2.0.v201303151357
2017-07-28 03:32:24,492 - org.apache.commons.logging - 1.1.1.v201101211721
2017-07-28 03:32:24,493 - org.apache.jasper.glassfish - 2.2.2.v201501141630
2017-07-28 03:32:24,495 - org.apache.lucene.analysis - 3.5.0.v20120725-1805
2017-07-28 03:32:24,591 - org.apache.lucene.core - 3.5.0.v20120725-1805
2017-07-28 03:32:24,592 - org.eclipse.equinox.http.jetty - 3.3.0.v20160324-1850
2017-07-28 03:32:24,592 - org.eclipse.equinox.http.registry - 1.1.400.v20150715-1528
2017-07-28 03:32:24,610 - org.eclipse.equinox.http.servlet - 1.3.1.v20160808-1329
2017-07-28 03:32:24,625 - org.eclipse.equinox.jsp.jasper - 1.0.500.v20150119-1358
2017-07-28 03:32:24,626 - org.eclipse.equinox.jsp.jasper.registry - 1.0.300.v20130327-1442
2017-07-28 03:32:24,626 - org.eclipse.help.base - 4.1.2.v20170301-0400
2017-07-28 03:32:24,626 - org.eclipse.help.ui - 4.0.200.v20160510-0758
2017-07-28 03:32:24,626 - org.eclipse.help.webapp - 3.8.0.v20160504-0839
2017-07-28 03:32:24,627 - org.eclipse.jetty.continuation - 9.3.9.v20160517
2017-07-28 03:32:24,627 - org.eclipse.jetty.http - 9.3.9.v20160517
2017-07-28 03:32:24,628 - org.eclipse.jetty.io - 9.3.9.v20160517
2017-07-28 03:32:24,629 - org.eclipse.jetty.security - 9.3.9.v20160517
2017-07-28 03:32:24,630 - org.eclipse.jetty.server - 9.3.9.v20160517
2017-07-28 03:32:24,630 - org.eclipse.jetty.servlet - 9.3.9.v20160517
2017-07-28 03:32:24,632 - org.eclipse.jetty.util - 9.3.9.v20160517
2017-07-28 03:32:24,632 - org.eclipse.core.net - 1.3.0.v20160418-1534
2017-07-28 03:32:24,632 - org.eclipse.equinox.security - 1.2.200.v20150715-1528
2017-07-28 03:32:24,882 - org.eclipse.mylyn.bugzilla.core - 3.21.0.v20160909-1813
2017-07-28 03:32:24,882 - org.eclipse.mylyn.bugzilla.ui - 3.21.0.v20160909-1813
2017-07-28 03:32:24,978 - org.eclipse.andmore.hierarchyviewer - 0.5.0.201605181018
2017-07-28 03:32:25,046 - org.eclipse.sequoyah.device.backward - 2.1.0.N20120718-0509
2017-07-28 03:32:25,047 - org.eclipse.sequoyah.device.framework - 2.1.0.N20120718-0509
2017-07-28 03:32:25,047 - org.eclipse.sequoyah.device.framework.ui - 2.1.0.N20120718-0509
2017-07-28 03:32:25,047 - org.eclipse.sequoyah.device.service.start - 2.1.0.N20120718-0509
2017-07-28 03:32:25,047 - org.eclipse.sequoyah.device.service.stop - 2.1.0.N20120718-0509
2017-07-28 03:32:25,047 - org.eclipse.sequoyah.device.framework.wizard - 2.1.0.N20120718-0509
2017-07-28 03:32:25,096 - org.eclipse.buildship.core - 1.0.21.v20161010-1640
2017-07-28 03:32:25,096 - org.eclipse.buildship.ui - 1.0.21.v20161010-1640
2017-07-28 03:32:25,096 - org.eclipse.buildship.branding - 1.0.21.v20161010-1640
2017-07-28 03:32:25,096 - org.eclipse.buildship.stsmigration - 1.0.21.v20161010-1640
2017-07-28 03:32:25,237 - org.eclipse.egit.core - 4.6.1.201703071140-r
2017-07-28 03:32:25,237 - org.eclipse.egit.ui - 4.6.1.201703071140-r
2017-07-28 03:32:25,237 - org.eclipse.egit - 4.6.1.201703071140-r
2017-07-28 03:32:25,237 - org.eclipse.egit.doc - 4.6.1.201703071140-r
2017-07-28 03:32:25,431 - org.eclipse.mylyn.tasks.core - 3.21.0.v20160914-0252
2017-07-28 03:32:25,432 - org.eclipse.mylyn.tasks.index.core - 3.21.0.v20160630-2019
2017-07-28 03:32:25,432 - org.eclipse.mylyn.tasks.index.ui - 3.21.0.v20160630-2019
2017-07-28 03:32:25,432 - org.eclipse.mylyn.tasks.search - 3.21.0.v20160630-2019
2017-07-28 03:32:25,432 - org.eclipse.mylyn.tasks.ui - 3.21.0.v20160913-2131
2017-07-28 03:32:25,594 - org.eclipse.aether.maven - 3.1.0.v20140706-2237
2017-07-28 03:32:25,647 - org.eclipse.gef - 3.11.0.201606061308
2017-07-28 03:32:25,714 - org.eclipse.mylyn.commons.identity.core - 1.13.0.v20160630-1702
2017-07-28 03:32:25,828 - org.eclipse.oomph.p2 - 1.8.0.v20170318-0419
2017-07-28 03:32:25,828 - org.eclipse.oomph.p2.core - 1.8.0.v20170410-0909
2017-07-28 03:32:25,828 - org.eclipse.oomph.p2.edit - 1.8.0.v20170318-0419
2017-07-28 03:32:25,828 - org.eclipse.oomph.p2.ui - 1.8.0.v20170327-1117
2017-07-28 03:32:25,828 - org.eclipse.oomph.p2.doc - 1.8.0.v20170318-0419
2017-07-28 03:32:25,934 - org.eclipse.datatools.enablement.sqlite - 1.1.0.201603142002
2017-07-28 03:32:25,934 - org.eclipse.datatools.enablement.sqlite.dbdefinition - 1.1.0.201603142002
2017-07-28 03:32:25,934 - org.eclipse.datatools.enablement.sqlite.ui - 1.1.0.201603142002
2017-07-28 03:32:25,935 - org.eclipse.datatools.enablement.finfo - 1.6.0.201603142002
2017-07-28 03:32:26,011 - org.eclipse.emf.codegen.ui - 2.6.0.v20160526-0356
2017-07-28 03:32:26,089 - org.eclipse.mylyn.commons.notifications.core - 1.13.0.v20160630-1702
2017-07-28 03:32:26,089 - org.eclipse.mylyn.commons.notifications.feed - 1.13.0.v20160721-2347
2017-07-28 03:32:26,089 - org.eclipse.mylyn.commons.notifications.ui - 1.13.0.v20160630-1702
2017-07-28 03:32:26,241 - org.eclipse.emf.converter - 2.7.0.v20160526-0356
2017-07-28 03:32:26,241 - org.eclipse.emf.importer - 2.9.0.v20160526-0356
2017-07-28 03:32:26,241 - org.eclipse.emf.exporter - 2.7.0.v20160526-0356
2017-07-28 03:32:26,241 - org.eclipse.emf.importer.ecore - 2.8.0.v20160526-0356
2017-07-28 03:32:26,242 - org.eclipse.emf.importer.java - 2.7.0.v20160526-0356
2017-07-28 03:32:26,242 - org.eclipse.emf.importer.rose - 2.8.0.v20160526-0356
2017-07-28 03:32:26,377 - org.eclipse.emf.edit.ui - 2.12.0.v20160526-0356
2017-07-28 03:32:26,533 - org.eclipse.help - 3.7.0.v20160602-1307
2017-07-28 03:32:26,533 - org.eclipse.ui - 3.108.1.v20160929-1045
2017-07-28 03:32:26,533 - org.eclipse.ui.workbench - 3.108.3.v20170216-1539
2017-07-28 03:32:26,533 - org.eclipse.update.configurator - 3.3.400.v20160506-0750
2017-07-28 03:32:26,533 - org.eclipse.rcp - 4.6.3.v20170301-0400
2017-07-28 03:32:26,715 - org.eclipse.recommenders.rcp - 2.4.6.v20170307-1041
2017-07-28 03:32:26,716 - org.eclipse.recommenders.apidocs - 2.4.6.v20170307-1041
2017-07-28 03:32:26,716 - org.eclipse.recommenders.apidocs.rcp - 2.4.6.v20170307-1041
2017-07-28 03:32:26,716 - org.eclipse.recommenders.calls - 2.4.6.v20170307-1041
2017-07-28 03:32:26,716 - org.eclipse.recommenders.calls.rcp - 2.4.6.v20170307-1041
2017-07-28 03:32:26,717 - org.eclipse.recommenders.chain.rcp - 2.4.6.v20170307-1041
2017-07-28 03:32:26,717 - org.eclipse.recommenders.completion.rcp - 2.4.6.v20170307-1041
2017-07-28 03:32:26,717 - org.eclipse.recommenders.constructors - 2.4.6.v20170307-1041
2017-07-28 03:32:26,717 - org.eclipse.recommenders.constructors.rcp - 2.4.6.v20170307-1041
2017-07-28 03:32:26,717 - org.eclipse.recommenders.coordinates - 2.4.6.v20170307-1041
2017-07-28 03:32:26,717 - org.eclipse.recommenders.coordinates.rcp - 2.4.6.v20170307-1041
2017-07-28 03:32:26,717 - org.eclipse.recommenders.injection - 2.4.6.v20170307-1041
2017-07-28 03:32:26,718 - org.eclipse.recommenders.jayes - 2.4.6.v20170307-1041
2017-07-28 03:32:26,718 - org.eclipse.recommenders.jayes.io - 2.4.6.v20170307-1041
2017-07-28 03:32:26,757 - org.eclipse.recommenders.jdt - 2.4.6.v20170307-1041
2017-07-28 03:32:26,796 - org.eclipse.recommenders.models - 2.4.6.v20170307-1041
2017-07-28 03:32:26,796 - org.eclipse.recommenders.models.rcp - 2.4.6.v20170307-1041
2017-07-28 03:32:26,798 - org.eclipse.recommenders.net - 2.4.6.v20170307-1041
2017-07-28 03:32:26,843 - org.eclipse.recommenders.overrides - 2.4.6.v20170307-1041
2017-07-28 03:32:26,843 - org.eclipse.recommenders.overrides.rcp - 2.4.6.v20170307-1041
2017-07-28 03:32:26,843 - org.eclipse.recommenders.subwords.rcp - 2.4.6.v20170307-1041
2017-07-28 03:32:26,843 - org.eclipse.recommenders.types.rcp - 2.4.6.v20170307-1041
2017-07-28 03:32:26,844 - org.eclipse.recommenders.utils - 2.4.6.v20170307-1041
2017-07-28 03:32:26,844 - org.eclipse.recommenders.utils.rcp - 2.4.6.v20170307-1041
2017-07-28 03:32:27,070 - org.eclipse.mylyn.commons.repositories.http.core - 1.13.0.v20160630-1702
2017-07-28 03:32:27,172 - org.eclipse.datatools.connectivity.oda.design.ui - 3.3.0.201603142002
2017-07-28 03:32:27,172 - org.eclipse.datatools.connectivity.ui.dse - 1.2.0.201603142002
2017-07-28 03:32:27,172 - org.eclipse.datatools.connectivity.ui - 1.3.0.201603142002
2017-07-28 03:32:27,172 - org.eclipse.datatools.connectivity.sqm.core - 1.3.0.201603142002
2017-07-28 03:32:27,172 - org.eclipse.datatools.help - 1.6.0.201603142002
2017-07-28 03:32:27,374 - org.eclipse.jdt - 3.12.3.v20170301-0400
2017-07-28 03:32:27,374 - org.eclipse.ant.ui - 3.6.201.v20161115-1135
2017-07-28 03:32:27,374 - org.eclipse.jdt.apt.core - 3.4.100.v20160525-0952
2017-07-28 03:32:27,374 - org.eclipse.jdt.apt.ui - 3.4.100.v20160418-1457
2017-07-28 03:32:27,374 - org.eclipse.jdt.apt.pluggable.core - 1.1.100.v20160418-1457
2017-07-28 03:32:27,376 - org.eclipse.jdt.compiler.apt - 1.2.100.v20160418-1457
2017-07-28 03:32:27,387 - org.eclipse.jdt.compiler.tool - 1.1.100.v20160418-1457
2017-07-28 03:32:27,387 - org.eclipse.jdt.core - 3.12.3.v20170228-1205
2017-07-28 03:32:27,409 - org.eclipse.jdt.annotation - 2.1.0.v20160418-1457
2017-07-28 03:32:27,409 - org.eclipse.jdt.annotation - 2.1.0.v20160418-1457
2017-07-28 03:32:27,409 - org.eclipse.jdt.core.manipulation - 1.7.0.v20160419-0705
2017-07-28 03:32:27,409 - org.eclipse.jdt.debug.ui - 3.7.201.v20160811-0450
2017-07-28 03:32:27,409 - org.eclipse.jdt.debug - 3.10.1.v20160811-0441
2017-07-28 03:32:27,409 - org.eclipse.jdt.junit - 3.9.0.v20160421-1701
2017-07-28 03:32:27,409 - org.eclipse.jdt.junit.core - 3.8.0.v20160421-1701
2017-07-28 03:32:27,424 - org.eclipse.jdt.junit.runtime - 3.4.600.v20160505-0715
2017-07-28 03:32:27,425 - org.eclipse.jdt.junit4.runtime - 1.1.600.v20160505-0715
2017-07-28 03:32:27,425 - org.eclipse.jdt.launching - 3.8.101.v20161111-2014
2017-07-28 03:32:27,425 - org.eclipse.jdt.ui - 3.12.2.v20160929-0804
2017-07-28 03:32:27,518 - org.junit - 4.12.0.v201504281640
2017-07-28 03:32:27,518 - org.hamcrest.core - 1.3.0.v201303031735
2017-07-28 03:32:27,518 - org.eclipse.jdt.doc.user - 3.12.1.v20160727-2009
2017-07-28 03:32:27,518 - org.eclipse.ant.launching - 1.1.201.v20161115-1135
2017-07-28 03:32:27,580 - org.eclipse.emf.common - 2.12.0.v20160420-0247
2017-07-28 03:32:27,656 - org.eclipse.sequoyah.vnc.vncviewer.vncviews - 2.1.0.N20120718-0509
2017-07-28 03:32:27,707 - org.eclipse.egit.mylyn.ui - 4.6.1.201703071140-r
2017-07-28 03:32:27,758 - org.eclipse.datatools.sqltools.common.ui - 1.1.0.201603142002
2017-07-28 03:32:27,758 - org.eclipse.datatools.sqltools.debugger.core - 1.1.0.201603142002
2017-07-28 03:32:27,758 - org.eclipse.datatools.sqltools.editor.core - 1.1.0.201603142002
2017-07-28 03:32:27,758 - org.eclipse.datatools.sqltools.plan - 1.1.0.201603142002
2017-07-28 03:32:27,758 - org.eclipse.datatools.sqltools.routineeditor - 1.1.0.201603142002
2017-07-28 03:32:27,759 - org.eclipse.datatools.sqltools.sql - 1.1.0.201603142002
2017-07-28 03:32:27,759 - org.eclipse.datatools.sqltools.sqleditor - 1.1.0.201603142002
2017-07-28 03:32:27,759 - org.eclipse.datatools.sqltools.sqlscrapbook - 1.1.0.201603142002
2017-07-28 03:32:27,759 - org.eclipse.datatools.help - 1.6.0.201603142002
2017-07-28 03:32:27,759 - org.eclipse.datatools.sqltools.db.generic - 1.1.0.201603142002
2017-07-28 03:32:27,759 - org.eclipse.datatools.sqltools.debugger.core.ui - 1.1.0.201603142002
2017-07-28 03:32:27,759 - org.eclipse.datatools.sqltools.editor.core.ui - 1.1.0.201603142002
2017-07-28 03:32:27,759 - org.eclipse.datatools.sqltools.result.ui - 1.2.0.201603142002
2017-07-28 03:32:27,759 - org.eclipse.datatools.sqltools.routineeditor.ui - 1.1.0.201603142002
2017-07-28 03:32:27,759 - org.eclipse.datatools.sqltools.sql.ui - 1.1.0.201603142002
2017-07-28 03:32:27,846 - org.objectweb.asm - 5.0.1.v201404251740
2017-07-28 03:32:27,846 - org.eclipse.andmore - 0.5.0.201605181018
2017-07-28 03:32:27,846 - org.eclipse.andmore.base - 0.5.0.201605181018
2017-07-28 03:32:27,846 - org.eclipse.andmore.ddms - 0.5.0.201605181018
2017-07-28 03:32:27,846 - org.eclipse.andmore.overlay - 0.5.0.201605181018
2017-07-28 03:32:27,857 - org.apache.commons.codec - 1.9.0.v20170208-1614
2017-07-28 03:32:27,858 - org.apache.commons.compress - 1.6.0.v201310281400
2017-07-28 03:32:27,858 - org.apache.httpcomponents.httpclient - 4.5.2.v20170210-0925
2017-07-28 03:32:27,907 - org.apache.httpcomponents.httpcore - 4.4.6.v20170210-0925
2017-07-28 03:32:27,965 - org.eclipse.datatools.modelbase.dbdefinition - 1.1.0.201603142002
2017-07-28 03:32:27,965 - org.eclipse.datatools.modelbase.sql.edit - 1.1.0.201603142002
2017-07-28 03:32:27,965 - org.eclipse.datatools.modelbase.sql.query - 1.2.0.201603142002
2017-07-28 03:32:27,965 - org.eclipse.datatools.modelbase.sql.query.edit - 1.1.0.201603142002
2017-07-28 03:32:27,965 - org.eclipse.datatools.modelbase.sql.xml.query - 1.1.0.201603142002
2017-07-28 03:32:27,965 - org.eclipse.datatools.modelbase.sql - 1.1.0.201603142002
2017-07-28 03:32:28,028 - org.eclipse.oomph.setup.editor - 1.8.0.v20170327-1117
2017-07-28 03:32:28,028 - org.eclipse.oomph.setup.ui - 1.8.0.v20170530-1735
2017-07-28 03:32:28,028 - org.eclipse.oomph.setup.doc - 1.9.0.v20170706-0615
2017-07-28 03:32:28,028 - org.eclipse.oomph.setup.ui.questionnaire - 1.8.0.v20170318-0419
2017-07-28 03:32:28,028 - org.eclipse.oomph.jreinfo.ui - 1.8.0.v20170327-1117
2017-07-28 03:32:28,072 - org.eclipse.emf.mapping - 2.9.0.v20160526-0356
2017-07-28 03:32:28,133 - org.eclipse.emf.ecore - 2.12.0.v20160420-0247
2017-07-28 03:32:28,133 - org.eclipse.emf.ecore.change - 2.11.0.v20160420-0247
2017-07-28 03:32:28,133 - org.eclipse.emf.ecore.xmi - 2.12.0.v20160420-0247
2017-07-28 03:32:28,218 - org.eclipse.jgit - 4.6.1.201703071140-r
2017-07-28 03:32:28,219 - org.eclipse.jgit.archive - 4.6.1.201703071140-r
2017-07-28 03:32:28,234 - com.jcraft.jsch - 0.1.54.v20170116-1932
2017-07-28 03:32:28,251 - javaewah - 1.1.6.v20160919-1400
2017-07-28 03:32:28,251 - org.apache.commons.compress - 1.6.0.v201310281400
2017-07-28 03:32:28,251 - org.slf4j.api - 1.7.2.v20121108-1250
2017-07-28 03:32:28,264 - org.slf4j.impl.log4j12 - 1.7.2.v20131105-2200
2017-07-28 03:32:28,283 - org.apache.log4j - 1.2.15.v201012070815
2017-07-28 03:32:28,398 - org.eclipse.mylyn.wikitext.core - 2.10.1.v20161129-1925
2017-07-28 03:32:28,414 - org.eclipse.mylyn.wikitext.core.ant - 2.10.1.v20161129-1925
2017-07-28 03:32:28,427 - org.eclipse.mylyn.wikitext.core.osgi - 2.10.1.v20161129-1925
2017-07-28 03:32:28,427 - org.eclipse.mylyn.wikitext.textile.core - 2.10.1.v20161129-1925
2017-07-28 03:32:28,444 - org.eclipse.mylyn.wikitext.html.core - 2.10.1.v20161129-1925
2017-07-28 03:32:28,444 - org.eclipse.mylyn.wikitext.markdown.core - 2.10.1.v20161129-1925
2017-07-28 03:32:28,444 - org.eclipse.mylyn.wikitext.mediawiki.core - 2.10.1.v20161129-1925
2017-07-28 03:32:28,461 - org.eclipse.mylyn.wikitext.mediawiki.core.ant - 2.10.1.v20161129-1925
2017-07-28 03:32:28,461 - org.eclipse.mylyn.wikitext.confluence.core - 2.10.1.v20161129-1925
2017-07-28 03:32:28,461 - org.eclipse.mylyn.wikitext.tracwiki.core - 2.10.1.v20161129-1925
2017-07-28 03:32:28,461 - org.eclipse.mylyn.wikitext.twiki.core - 2.10.1.v20161129-1925
2017-07-28 03:32:28,461 - org.eclipse.mylyn.wikitext.ui - 2.10.1.v20161129-1925
2017-07-28 03:32:28,461 - org.eclipse.mylyn.wikitext.help.ui - 2.10.1.v20161129-1925
2017-07-28 03:32:28,462 - org.eclipse.mylyn.wikitext.textile.ui - 2.10.1.v20161129-1925
2017-07-28 03:32:28,462 - org.eclipse.mylyn.wikitext.markdown.ui - 2.10.1.v20161129-1925
2017-07-28 03:32:28,462 - org.eclipse.mylyn.wikitext.mediawiki.ui - 2.10.1.v20161129-1925
2017-07-28 03:32:28,462 - org.eclipse.mylyn.wikitext.confluence.ui - 2.10.1.v20161129-1925
2017-07-28 03:32:28,462 - org.eclipse.mylyn.wikitext.tracwiki.ui - 2.10.1.v20161129-1925
2017-07-28 03:32:28,462 - org.eclipse.mylyn.wikitext.twiki.ui - 2.10.1.v20161129-1925
2017-07-28 03:32:28,462 - org.eclipse.mylyn.wikitext.tasks.ui - 2.10.1.v20161129-1925
2017-07-28 03:32:28,462 - org.eclipse.mylyn.wikitext.context.ui - 2.10.1.v20161129-1925
2017-07-28 03:32:28,462 - org.eclipse.mylyn.wikitext.asciidoc.core - 2.10.1.v20161129-1925
2017-07-28 03:32:28,462 - org.eclipse.mylyn.wikitext.asciidoc.ui - 2.10.1.v20161129-1925
2017-07-28 03:32:28,598 - org.eclipse.emf.mapping.ecore.editor - 2.6.0.v20160526-0356
2017-07-28 03:32:28,599 - org.eclipse.emf.mapping.ecore2ecore.editor - 2.7.0.v20160526-0356
2017-07-28 03:32:28,599 - org.eclipse.emf.mapping.ecore2xml.ui - 2.8.0.v20160526-0356
2017-07-28 03:32:28,794 - org.eclipse.recommenders.mylyn.rcp - 2.4.6.v20170307-1041
2017-07-28 03:32:32,185 - org.apache.ant - 1.9.6.v201510161327
2017-07-28 03:32:32,185 - org.eclipse.ant.core - 3.4.100.v20160505-0642
2017-07-28 03:32:32,185 - com.jcraft.jsch - 0.1.54.v20170116-1932
2017-07-28 03:32:32,186 - org.eclipse.compare.core - 3.6.0.v20160418-1534
2017-07-28 03:32:32,186 - org.eclipse.compare - 3.7.1.v20170103-1805
2017-07-28 03:32:32,186 - org.eclipse.compare.win32 - 1.1.0.v20160418-1534
2017-07-28 03:32:32,186 - org.eclipse.core.filebuffers - 3.6.0.v20160503-1849
2017-07-28 03:32:32,186 - org.eclipse.core.filesystem - 1.6.1.v20161113-2349
2017-07-28 03:32:32,186 - org.eclipse.core.net - 1.3.0.v20160418-1534
2017-07-28 03:32:32,187 - org.eclipse.core.net.win32.x86_64 - 1.1.0.v20160323-1650
2017-07-28 03:32:32,187 - org.eclipse.core.resources - 3.11.1.v20161107-2032
2017-07-28 03:32:32,187 - org.eclipse.osgi.util - 3.3.100.v20150423-1351
2017-07-28 03:32:32,187 - org.eclipse.debug.core - 3.10.100.v20160419-1720
2017-07-28 03:32:32,187 - org.eclipse.debug.ui - 3.11.202.v20161114-0338
2017-07-28 03:32:32,188 - org.eclipse.equinox.event - 1.3.200.v20160324-1850
2017-07-28 03:32:32,188 - org.eclipse.ltk.core.refactoring - 3.7.0.v20160419-0705
2017-07-28 03:32:32,188 - org.eclipse.ltk.ui.refactoring - 3.8.0.v20160518-1817
2017-07-28 03:32:32,188 - org.eclipse.platform - 4.6.3.v20170301-0400
2017-07-28 03:32:32,188 - org.eclipse.platform.doc.user - 4.6.1.v20160727-2009
2017-07-28 03:32:32,188 - org.eclipse.search - 3.11.1.v20161113-1700
2017-07-28 03:32:32,188 - org.eclipse.team.core - 3.8.0.v20160418-1534
2017-07-28 03:32:32,188 - org.eclipse.team.ui - 3.8.0.v20160518-1906
2017-07-28 03:32:32,201 - org.eclipse.text - 3.6.0.v20160503-1849
2017-07-28 03:32:32,201 - org.eclipse.jface.text - 3.11.2.v20170220-1911
2017-07-28 03:32:32,201 - org.eclipse.jsch.core - 1.3.0.v20160422-1917
2017-07-28 03:32:32,201 - org.eclipse.jsch.ui - 1.3.0.v20160323-1650
2017-07-28 03:32:32,201 - org.eclipse.ui.console - 3.6.201.v20161107-0337
2017-07-28 03:32:32,201 - org.eclipse.ui.intro - 3.5.2.v20161116-1147
2017-07-28 03:32:32,201 - org.eclipse.ui.intro.universal - 3.3.1.v20160829-1558
2017-07-28 03:32:32,202 - org.eclipse.ui.cheatsheets - 3.5.0.v20160504-0839
2017-07-28 03:32:32,202 - org.eclipse.ui.browser - 3.5.2.v20161114-0210
2017-07-28 03:32:32,202 - org.eclipse.ui.monitoring - 1.1.2.v20170203-1115
2017-07-28 03:32:32,202 - org.eclipse.ui.navigator - 3.6.101.v20161006-1120
2017-07-28 03:32:32,202 - org.eclipse.ui.navigator.resources - 3.5.101.v20161006-0640
2017-07-28 03:32:32,202 - org.eclipse.ui.net - 1.3.0.v20160426-1633
2017-07-28 03:32:32,202 - org.eclipse.ui.workbench.texteditor - 3.10.1.v20160818-1626
2017-07-28 03:32:32,202 - org.eclipse.ui.views - 3.8.102.v20170111-0801
2017-07-28 03:32:32,202 - org.eclipse.ui.editors - 3.10.1.v20161106-1856
2017-07-28 03:32:32,202 - org.eclipse.ui.externaltools - 3.3.100.v20160518-1858
2017-07-28 03:32:32,202 - org.eclipse.ui.ide - 3.12.3.v20170119-0935
2017-07-28 03:32:32,202 - org.eclipse.ui.ide.application - 1.1.101.v20160829-0827
2017-07-28 03:32:32,203 - org.eclipse.ui.win32 - 3.3.0.v20160505-1310
2017-07-28 03:32:32,203 - org.eclipse.core.resources.win32.x86_64 - 3.5.0.v20140124-1940
2017-07-28 03:32:32,203 - org.eclipse.core.filesystem.win32.x86_64 - 1.4.0.v20140124-1940
2017-07-28 03:32:32,203 - org.eclipse.core.variables - 3.3.0.v20160419-1720
2017-07-28 03:32:32,203 - org.eclipse.ui.forms - 3.7.1.v20161220-1635
2017-07-28 03:32:32,203 - org.eclipse.ui.views.properties.tabbed - 3.7.0.v20160310-0903
2017-07-28 03:32:32,203 - org.eclipse.equinox.security - 1.2.200.v20150715-1528
2017-07-28 03:32:32,203 - org.eclipse.equinox.security.ui - 1.1.300.v20150803-1225
2017-07-28 03:32:32,203 - org.eclipse.equinox.security.win32.x86_64 - 1.0.100.v20130327-1442
2017-07-28 03:32:32,204 - org.eclipse.core.externaltools - 1.0.400.v20160509-1057
2017-07-28 03:32:32,204 - org.eclipse.ui.themes - 1.1.300.v20161107-1827
2017-07-28 03:32:32,204 - org.eclipse.core.runtime - 3.12.0.v20160606-1342
2017-07-28 03:32:32,204 - org.eclipse.ui.intro.quicklinks - 1.0.0.v20160515-0255
2017-07-28 03:32:32,278 - org.eclipse.mylyn.discovery.core - 3.21.0.v20160729-1739
2017-07-28 03:32:32,278 - org.eclipse.mylyn.discovery.ui - 3.21.0.v20160630-1702
2017-07-28 03:32:32,366 - org.eclipse.emf.ecore.edit - 2.9.0.v20160526-0356
2017-07-28 03:32:32,366 - org.eclipse.emf.ecore.change.edit - 2.6.0.v20160526-0356
2017-07-28 03:32:32,409 - org.eclipse.sequoyah.vnc.protocol - 2.1.0.N20120718-0509
2017-07-28 03:32:32,513 - org.eclipse.mylyn.versions.core - 1.13.0.v20160630-2022
2017-07-28 03:32:32,513 - org.eclipse.mylyn.versions.ui - 1.13.0.v20160630-2022
2017-07-28 03:32:32,571 - org.eclipse.emf.mapping.ecore - 2.6.0.v20160526-0356
2017-07-28 03:32:32,571 - org.eclipse.emf.mapping.ecore2ecore - 2.9.0.v20160526-0356
2017-07-28 03:32:32,571 - org.eclipse.emf.mapping.ecore2xml - 2.9.0.v20160526-0356
2017-07-28 03:32:32,647 - org.eclipse.andmore.traceview - 0.5.0.201605181018
2017-07-28 03:32:32,842 - org.eclipse.sequoyah.localization.android - 2.1.0.N20120718-0509
2017-07-28 03:32:32,844 - org.eclipse.sequoyah.localization.android.help - 2.1.1.N20120718-0509
2017-07-28 03:32:32,924 - org.eclipse.m2e.logback.configuration - 1.7.0.20160603-1933
2017-07-28 03:32:32,934 - org.eclipse.m2e.logback.appender - 1.7.0.20160603-1933
2017-07-28 03:32:33,060 - org.eclipse.emf.codegen - 2.11.0.v20160526-0356
2017-07-28 03:32:33,147 - org.eclipse.wst.dtd.ui - 1.0.801.v201308100602
2017-07-28 03:32:33,147 - org.eclipse.wst.dtd.ui.infopop - 1.0.400.v201309112106
2017-07-28 03:32:33,147 - org.eclipse.wst.sse.ui.infopop - 1.0.300.v201309112106
2017-07-28 03:32:33,147 - org.eclipse.wst.xml.ui.infopop - 1.0.400.v201309112106
2017-07-28 03:32:33,147 - org.eclipse.wst.sse.ui - 1.3.500.v201605120129
2017-07-28 03:32:33,147 - org.eclipse.wst.xml.ui - 1.1.700.v201604272318
2017-07-28 03:32:33,147 - org.eclipse.wst.xsd.ui - 1.2.600.v201511240159
2017-07-28 03:32:33,240 - org.eclipse.emf - 2.6.0.v20160526-0356
2017-07-28 03:32:33,320 - org.eclipse.datatools.doc.user - 1.7.0.20090521092446
2017-07-28 03:32:33,320 - org.eclipse.datatools.oda.cshelp - 1.2.0.201603142002
2017-07-28 03:32:33,320 - org.eclipse.datatools.help - 1.6.0.201603142002
2017-07-28 03:32:33,414 - org.eclipse.mylyn.tasks.bugs - 3.21.0.v20160929-1805
2017-07-28 03:32:33,414 - org.eclipse.mylyn.help.ui - 3.21.0.v20160913-2013
2017-07-28 03:32:33,445 - org.eclipse.draw2d - 3.10.100.201606061308
2017-07-28 03:32:33,498 - org.eclipse.emf.edit - 2.12.0.v20160526-0356
2017-07-28 03:32:33,639 - org.eclipse.mylyn.commons.core - 3.21.0.v20160707-1856
2017-07-28 03:32:33,639 - org.eclipse.mylyn.commons.screenshots - 3.21.0.v20160630-1702
2017-07-28 03:32:33,640 - org.eclipse.mylyn.commons.ui - 3.21.0.v20160630-1702
2017-07-28 03:32:33,640 - org.eclipse.mylyn.commons.workbench - 3.21.0.v20160630-1702
2017-07-28 03:32:33,708 - org.eclipse.mylyn.bugzilla.ide - 3.21.0.v20160912-1820
2017-07-28 03:32:33,708 - org.eclipse.mylyn.ide.ui - 3.21.0.v20160701-1337
2017-07-28 03:32:33,798 - org.eclipse.emf.databinding.edit - 1.3.0.v20160526-0356
2017-07-28 03:32:33,853 - org.eclipse.emf.codegen.ecore - 2.12.0.v20160526-0356
2017-07-28 03:32:33,853 - org.eclipse.emf.ant - 2.8.0.v20160526-0356
2017-07-28 03:32:36,651 - org.eclipse.m2e.archetype.common - 1.7.0.20160603-1931
2017-07-28 03:32:37,165 - org.eclipse.m2e.maven.indexer - 1.7.0.20160603-1931
2017-07-28 03:32:37,165 - org.eclipse.m2e.model.edit - 1.7.0.20160603-1933
2017-07-28 03:32:37,165 - org.eclipse.m2e.core - 1.7.0.20160603-1933
2017-07-28 03:32:37,166 - org.eclipse.m2e.launching - 1.7.0.20160603-1933
2017-07-28 03:32:37,166 - org.eclipse.m2e.workspace.cli - 0.3.1
2017-07-28 03:32:37,166 - org.eclipse.m2e.jdt - 1.7.0.20160603-1933
2017-07-28 03:32:37,166 - org.eclipse.m2e.editor - 1.7.0.20160603-1933
2017-07-28 03:32:37,166 - org.eclipse.m2e.editor.xml - 1.7.0.20160603-1933
2017-07-28 03:32:45,148 - org.eclipse.m2e.maven.runtime - 1.7.0.20160603-1931
2017-07-28 03:32:45,247 - org.eclipse.m2e.maven.runtime.slf4j.simple - 1.7.0.20160603-1931
2017-07-28 03:32:45,247 - org.eclipse.m2e.refactoring - 1.7.0.20160603-1933
2017-07-28 03:32:45,255 - org.eclipse.m2e.lifecyclemapping.defaults - 1.7.0.20160603-1933
2017-07-28 03:32:45,256 - org.eclipse.m2e.discovery - 1.7.0.20160603-1933
2017-07-28 03:32:45,256 - org.eclipse.m2e.core.ui - 1.7.0.20160603-1933
2017-07-28 03:32:45,256 - org.eclipse.m2e.scm - 1.7.0.20160603-1933
2017-07-28 03:32:45,256 - org.eclipse.m2e.jdt.ui - 1.7.0.20160603-1933
2017-07-28 03:32:45,256 - org.eclipse.m2e.profiles.core - 1.7.0.20160603-1933
2017-07-28 03:32:45,256 - org.eclipse.m2e.profiles.ui - 1.7.0.20160603-1933
2017-07-28 03:32:45,256 - org.eclipse.m2e.importer - 1.7.0.20160603-1933
2017-07-28 03:32:45,305 - org.eclipse.andmore.ndk - 0.5.0.201605181018
2017-07-28 03:32:45,352 - org.eclipse.andmore.gldebugger - 0.5.0.201605181018
2017-07-28 03:32:45,390 - org.eclipse.mylyn.hudson.core - 1.13.0.v20160806-1446
2017-07-28 03:32:45,390 - org.eclipse.mylyn.hudson.ui - 1.13.0.v20160704-1634
2017-07-28 03:32:45,446 - org.eclipse.epp.mpc.core - 1.5.4.v20170222-1921
2017-07-28 03:32:45,446 - org.eclipse.epp.mpc.ui - 1.5.4.v20170222-1941
2017-07-28 03:32:45,446 - org.eclipse.epp.mpc.help.ui - 1.5.4.v20170201-1845
2017-07-28 03:32:45,446 - org.apache.httpcomponents.httpclient - 4.5.2.v20170210-0925
2017-07-28 03:32:45,446 - org.apache.httpcomponents.httpcore - 4.4.6.v20170210-0925
2017-07-28 03:32:45,508 - org.eclipse.mylyn.git.core - 1.13.0.v20160630-2022
2017-07-28 03:32:45,509 - org.eclipse.mylyn.git.ui - 1.13.0.v20160630-2022
2017-07-28 03:32:45,577 - org.eclipse.datatools.connectivity.oda.consumer - 3.3.0.201603142002
2017-07-28 03:32:45,577 - org.eclipse.datatools.connectivity.oda.design - 3.4.0.201603142002
2017-07-28 03:32:45,577 - org.eclipse.datatools.connectivity.oda.profile - 3.3.0.201603142002
2017-07-28 03:32:45,577 - org.eclipse.datatools.connectivity.oda - 3.5.0.201603142002
2017-07-28 03:32:45,577 - org.eclipse.datatools.connectivity - 1.13.0.201603142002
2017-07-28 03:32:45,649 - org.eclipse.andmore.android.certmanager - 0.5.0.201605181018
2017-07-28 03:32:45,709 - org.eclipse.recommenders.snipmatch - 2.4.6.v20170307-1041
2017-07-28 03:32:45,709 - org.eclipse.recommenders.snipmatch.rcp - 2.4.6.v20170307-1041
2017-07-28 03:32:45,772 - org.eclipse.cdt.gdb - 7.0.0.201703062208
2017-07-28 03:32:45,772 - org.eclipse.cdt.gdb.ui - 7.0.0.201703062208
2017-07-28 03:32:45,904 - org.eclipse.sequoyah.localization.tools - 2.1.0.N20120718-0509
2017-07-28 03:32:45,904 - org.eclipse.sequoyah.localization.editor - 2.1.0.N20120718-0509
2017-07-28 03:32:45,975 - org.eclipse.pde - 3.12.3.v20170301-0400
2017-07-28 03:32:45,975 - org.eclipse.pde.build - 3.9.200.v20160204-0642
2017-07-28 03:32:45,976 - org.eclipse.pde.core - 3.11.1.v20161115-1951
2017-07-28 03:32:45,976 - org.eclipse.pde.junit.runtime - 3.5.0.v20151013-0625
2017-07-28 03:32:45,976 - org.eclipse.pde.runtime - 3.5.0.v20160418-1724
2017-07-28 03:32:45,976 - org.eclipse.pde.ui - 3.9.100.v20161102-0517
2017-07-28 03:32:45,976 - org.eclipse.pde.doc.user - 3.12.2.v20170221-1001
2017-07-28 03:32:45,976 - org.eclipse.pde.ui.templates - 3.6.0.v20160424-1948
2017-07-28 03:32:45,976 - org.eclipse.ui.views.log - 1.2.1.v20160829-0826
2017-07-28 03:32:45,976 - org.objectweb.asm - 5.0.1.v201404251740
2017-07-28 03:32:45,977 - org.objectweb.asm.tree - 5.0.1.v201404251740
2017-07-28 03:32:45,977 - org.eclipse.pde.api.tools - 1.1.2.v20161115-0549
2017-07-28 03:32:45,977 - org.eclipse.pde.api.tools.annotations - 1.0.100.v20160418-1724
2017-07-28 03:32:45,977 - org.eclipse.pde.api.tools.ui - 1.1.0.v20160519-0701
2017-07-28 03:32:45,977 - org.eclipse.pde.ds.core - 1.1.0.v20151201-1325
2017-07-28 03:32:45,977 - org.eclipse.pde.ds.ui - 1.1.0.v20160518-1843
2017-07-28 03:32:45,977 - org.eclipse.pde.launching - 3.6.401.v20161115-0549
2017-07-28 03:32:45,977 - org.eclipse.pde.ua.core - 1.0.500.v20160204-0642
2017-07-28 03:32:45,977 - org.eclipse.pde.ua.ui - 1.1.0.v20160518-1843
2017-07-28 03:32:45,977 - org.eclipse.ui.trace - 1.0.400.v20160509-1055
2017-07-28 03:32:45,977 - org.eclipse.pde.ds.annotations - 1.0.0.v20160525-1437
2017-07-28 03:32:46,018 - net.sourceforge.lpg.lpgjavaruntime - 1.1.0.v201004271650
2017-07-28 03:32:46,018 - org.eclipse.datatools.sqltools.parsers.sql.lexer - 1.1.0.201603142002
2017-07-28 03:32:46,018 - org.eclipse.datatools.sqltools.parsers.sql.query - 1.3.0.201603142002
2017-07-28 03:32:46,018 - org.eclipse.datatools.sqltools.parsers.sql.xml.query - 1.1.0.201603142002
2017-07-28 03:32:46,018 - org.eclipse.datatools.sqltools.parsers.sql - 1.1.0.201603142002
2017-07-28 03:32:46,108 - org.eclipse.mylyn.java.ui - 3.21.0.v20160701-1337
2017-07-28 03:32:46,108 - org.eclipse.mylyn.java.tasks - 3.21.0.v20160701-1337
2017-07-28 03:32:46,108 - org.eclipse.mylyn.ide.ui - 3.21.0.v20160701-1337
2017-07-28 03:32:46,108 - org.eclipse.mylyn.ide.ant - 3.21.0.v20160701-1337
2017-07-28 03:32:46,108 - org.eclipse.mylyn.debug.ui - 3.21.0.v20160701-1337
2017-07-28 03:32:46,175 - org.eclipse.mylyn.team.ui - 3.21.0.v20160701-1337
2017-07-28 03:32:46,264 - org.eclipse.datatools.sqltools.sql - 1.1.0.201603142002
2017-07-28 03:32:46,265 - org.eclipse.datatools.sqltools.common.ui - 1.1.0.201603142002
2017-07-28 03:32:46,265 - org.eclipse.datatools.sqltools.plan - 1.1.0.201603142002
2017-07-28 03:32:46,265 - org.eclipse.datatools.sqltools.editor.core - 1.1.0.201603142002
2017-07-28 03:32:46,265 - org.eclipse.datatools.sqltools.sqleditor - 1.1.0.201603142002
2017-07-28 03:32:46,265 - org.eclipse.datatools.sqltools.ddlgen.ui - 1.1.0.201603142002
2017-07-28 03:32:46,265 - org.eclipse.datatools.connectivity.db.generic - 1.1.0.201603142002
2017-07-28 03:32:46,265 - org.eclipse.datatools.sqltools.editor.core.ui - 1.1.0.201603142002
2017-07-28 03:32:46,265 - org.eclipse.datatools.sqltools.sql.ui - 1.1.0.201603142002
2017-07-28 03:32:46,343 - org.eclipse.emf.common.ui - 2.11.0.v20160526-0356
2017-07-28 03:32:46,439 - org.eclipse.mylyn.commons.repositories.core - 1.13.0.v20160630-1702
2017-07-28 03:32:46,439 - org.eclipse.mylyn.commons.repositories.ui - 1.13.0.v20160630-1702
2017-07-28 03:32:46,489 - org.eclipse.sequoyah.device.common.utilities - 2.1.0.N20120718-0509
2017-07-28 03:32:46,539 - org.eclipse.andmore.android.common - 0.5.0.201605181018
2017-07-28 03:32:46,540 - org.eclipse.andmore.android.codeutils - 0.5.0.201605181018
2017-07-28 03:32:46,540 - org.eclipse.andmore.android.translation - 0.5.0.201605181018
2017-07-28 03:32:46,540 - org.eclipse.andmore.android.codesnippets - 0.5.0.201605181018
2017-07-28 03:32:46,540 - org.eclipse.andmore.android.db.core - 0.5.0.201605181018
2017-07-28 03:32:46,540 - org.eclipse.andmore.android.logger - 0.5.0.201605181018
2017-07-28 03:32:46,540 - org.eclipse.andmore.android - 0.5.0.201605181018
2017-07-28 03:32:46,540 - org.eclipse.andmore.android.emulator - 0.5.0.201605181018
2017-07-28 03:32:46,540 - org.eclipse.andmore.android.launch - 0.5.0.201605181018
2017-07-28 03:32:46,540 - org.eclipse.andmore.android.packaging.ui - 0.5.0.201605181018
2017-07-28 03:32:46,540 - org.eclipse.andmore.android.handset - 0.5.0.201605181018
2017-07-28 03:32:46,540 - org.eclipse.andmore.android.remote - 0.5.0.201605181018
2017-07-28 03:32:46,540 - org.eclipse.andmore.android.win32.x86_64 - 0.5.0.201605181018
2017-07-28 03:32:46,540 - org.eclipse.andmore.android.mat - 0.5.0.201605181018
2017-07-28 03:32:46,540 - org.eclipse.andmore.android.devices.services - 0.5.0.201605181018
2017-07-28 03:32:46,540 - org.eclipse.andmore.android.db.devices - 0.5.0.201605181018
2017-07-28 03:32:46,540 - org.eclipse.andmore.android.installer - 0.5.0.201605181018
2017-07-28 03:32:46,540 - org.eclipse.andmore.android.logger.collector - 0.5.0.201605181018
2017-07-28 03:32:46,589 - org.eclipse.emf.mapping.ui - 2.7.0.v20160526-0356
2017-07-28 03:32:46,658 - org.eclipse.mylyn.monitor.core - 3.21.0.v20160630-1702
2017-07-28 03:32:46,658 - org.eclipse.mylyn.monitor.ui - 3.21.0.v20160630-1702
2017-07-28 03:32:46,701 - org.eclipse.datatools.connectivity.oda.template.ui - 3.3.0.201603142002
2017-07-28 03:32:46,742 - org.eclipse.sequoyah.vnc.vncviewer - 2.1.0.N20120718-0509
2017-07-28 03:32:46,814 - org.eclipse.emf.codegen.ecore.ui - 2.12.0.v20160526-0356
2017-07-28 03:32:46,862 - org.eclipse.emf.ecore.editor - 2.12.0.v20160526-0356
2017-07-28 03:32:46,916 - org.eclipse.epp.package.android - 4.6.3.20170314-1500
2017-07-28 03:32:46,974 - org.eclipse.mylyn.builds.core - 1.13.0.v20160704-1634
2017-07-28 03:32:46,974 - org.eclipse.mylyn.builds.ui - 1.13.0.v20160725-1817
2017-07-28 03:32:47,064 - org.eclipse.mylyn.context.core - 3.21.0.v20160701-1337
2017-07-28 03:32:47,064 - org.eclipse.mylyn.context.ui - 3.21.0.v20160701-1337
2017-07-28 03:32:47,064 - org.eclipse.mylyn.resources.ui - 3.21.0.v20160701-1337
2017-07-28 03:32:47,064 - org.eclipse.mylyn.context.tasks.ui - 3.21.0.v20160815-2336
2017-07-28 03:32:47,075 - org.eclipse.emf.databinding - 1.3.0.v20160526-0356
2017-07-28 03:32:47,146 - org.eclipse.datatools.connectivity.sqm.core.ui - 1.3.0.201603142002
2017-07-28 03:32:47,147 - org.eclipse.datatools.connectivity.sqm.core - 1.3.0.201603142002
2017-07-28 03:32:47,147 - org.eclipse.datatools.connectivity.sqm.server.ui - 1.2.0.201603142002
2017-07-28 03:32:47,147 - org.eclipse.datatools.connectivity.ui.dse - 1.2.0.201603142002
2017-07-28 03:32:47,147 - org.eclipse.datatools.connectivity.ui - 1.3.0.201603142002
2017-07-28 03:32:47,147 - org.eclipse.datatools.connectivity - 1.13.0.201603142002
2017-07-28 03:32:47,147 - org.eclipse.datatools.help - 1.6.0.201603142002
2017-07-28 03:32:47,147 - org.eclipse.datatools.connectivity.console.profile - 1.1.0.201603142002
2017-07-28 03:32:47,236 - org.eclipse.oomph.setup - 1.8.0.v20170408-0745
2017-07-28 03:32:47,236 - org.eclipse.oomph.setup.edit - 1.8.0.v20170318-0419
2017-07-28 03:32:47,236 - org.eclipse.oomph.setup.core - 1.8.0.v20170531-0903
2017-07-28 03:32:47,236 - org.eclipse.oomph.setup.sync - 1.8.0.v20170530-1735
2017-07-28 03:32:47,236 - org.eclipse.oomph.setup.p2 - 1.8.0.v20170318-0419
2017-07-28 03:32:47,236 - org.eclipse.oomph.setup.p2.edit - 1.8.0.v20170318-0419
2017-07-28 03:32:47,236 - org.eclipse.oomph.preferences - 1.8.0.v20170318-0419
2017-07-28 03:32:47,238 - org.eclipse.oomph.jreinfo - 1.8.0.v20170318-0624
2017-07-28 03:32:47,274 - org.eclipse.oomph.jreinfo.win32.x86_64 - 1.2.0.v20160426-0508
2017-07-28 03:32:47,276 - org.eclipse.oomph.extractor.lib - 1.3.0.v20161116-0647
2017-07-28 03:32:47,276 - org.apache.commons.logging - 1.1.1.v201101211721
2017-07-28 03:32:47,276 - org.apache.commons.codec - 1.9.0.v20170208-1614
2017-07-28 03:32:47,276 - org.apache.httpcomponents.httpclient - 4.5.2.v20170210-0925
2017-07-28 03:32:47,276 - org.apache.httpcomponents.httpcore - 4.4.6.v20170210-0925
2017-07-28 23:27:14,320 - os.name - Windows 10
2017-07-28 23:27:14,412 - os.arch - amd64
2017-07-28 23:27:14,412 - os.version - 10.0
2017-07-28 23:27:14,412 - java.version - 1.8.0_111
2017-07-28 23:27:14,412 - java.vendor - Oracle Corporation
2017-07-28 23:27:14,412 - java.vendor.url - http://java.oracle.com/
2017-07-28 23:27:14,412 - java.home - C:\Program Files\Java\jre1.8.0_111
2017-07-28 23:27:14,412 - java.vm.specification.name - Java Virtual Machine Specification
2017-07-28 23:27:14,412 - java.vm.specification.vendor - Oracle Corporation
2017-07-28 23:27:14,412 - java.vm.specification.version - 1.8
2017-07-28 23:27:14,412 - java.class.path - D:\eclipseIDEAndroid\eclipse\\plugins/org.eclipse.equinox.launcher_1.3.201.v20161025-1711.jar
2017-07-28 23:27:14,412 - java.library.path - D:\eclipseIDEAndroid\eclipse;C:\WINDOWS\Sun\Java\bin;C:\WINDOWS\system32;C:\WINDOWS;C:/Program Files/Java/jre1.8.0_111/bin/server;C:/Program Files/Java/jre1.8.0_111/bin;C:/Program Files/Java/jre1.8.0_111/lib/amd64;C:\Program Files (x86)\Python36-32\Scripts\;C:\Program Files (x86)\Python36-32\;C:\Program Files (x86)\ActiveState Komodo Edit 9\;C:\ProgramData\Oracle\Java\javapath;G:\app\Ash\product\11.2.0\dbhome_1\bin;C:\Program Files (x86)\Intel\iCLS Client\;C:\Program Files\Intel\iCLS Client\;C:\Windows\system32;C:\Windows;C:\Windows\System32\Wbem;C:\Windows\System32\WindowsPowerShell\v1.0\;C:\Program Files (x86)\Intel\OpenCL SDK\2.0\bin\x86;C:\Program Files (x86)\Intel\OpenCL SDK\2.0\bin\x64;C:\Program Files\Intel\Intel(R) Management Engine Components\DAL;C:\Program Files\Intel\Intel(R) Management Engine Components\IPT;C:\Program Files (x86)\Intel\Intel(R) Management Engine Components\DAL;C:\Program Files (x86)\Intel\Intel(R) Management Engine Components\IPT;C:\Program Files\MiKTeX 2.9\miktex\bin\x64\;C:\Program Files\Microsoft SQL Server\110\Tools\Binn\;C:\Program Files\Microsoft SQL Server\120\Tools\Binn\;C:\WINDOWS\system32;C:\WINDOWS;C:\WINDOWS\System32\Wbem;C:\WINDOWS\System32\WindowsPowerShell\v1.0\;D:\wamp\bin\php\php5.5.12;C:\ProgramData\ComposerSetup\bin;C:\HashiCorp\Vagrant\bin;C:\Program Files (x86)\Common Files\lenovo\easyplussdk\bin;C:\Program Files\nodejs\;C:\Program Files (x86)\Skype\Phone\;C:\Program Files (x86)\MySQL\MySQL Server 5.0\bin;C:\Users\TEMP.ASH-PC.005\Desktop;;.
2017-07-28 23:27:14,412 - --------------------------------------
2017-07-28 23:27:14,412 - ## Eclipse Plug-ins Log Information ##
2017-07-28 23:27:14,412 - --------------------------------------
2017-07-28 23:27:15,046 - javax.el - 2.2.0.v201303151357
2017-07-28 23:27:15,111 - javax.servlet - 3.1.0.v201410161800
2017-07-28 23:27:15,159 - javax.servlet.jsp - 2.2.0.v201112011158
2017-07-28 23:27:15,191 - com.sun.el - 2.2.0.v201303151357
2017-07-28 23:27:15,192 - org.apache.commons.logging - 1.1.1.v201101211721
2017-07-28 23:27:15,242 - org.apache.jasper.glassfish - 2.2.2.v201501141630
2017-07-28 23:27:15,305 - org.apache.lucene.analysis - 3.5.0.v20120725-1805
2017-07-28 23:27:15,455 - org.apache.lucene.core - 3.5.0.v20120725-1805
2017-07-28 23:27:15,813 - org.eclipse.equinox.http.jetty - 3.3.0.v20160324-1850
2017-07-28 23:27:16,062 - org.eclipse.equinox.http.registry - 1.1.400.v20150715-1528
2017-07-28 23:27:16,108 - org.eclipse.equinox.http.servlet - 1.3.1.v20160808-1329
2017-07-28 23:27:16,278 - org.eclipse.equinox.jsp.jasper - 1.0.500.v20150119-1358
2017-07-28 23:27:16,358 - org.eclipse.equinox.jsp.jasper.registry - 1.0.300.v20130327-1442
2017-07-28 23:27:16,388 - org.eclipse.help.base - 4.1.2.v20170301-0400
2017-07-28 23:27:16,426 - org.eclipse.help.ui - 4.0.200.v20160510-0758
2017-07-28 23:27:16,572 - org.eclipse.help.webapp - 3.8.0.v20160504-0839
2017-07-28 23:27:16,949 - org.eclipse.jetty.continuation - 9.3.9.v20160517
2017-07-28 23:27:17,122 - org.eclipse.jetty.http - 9.3.9.v20160517
2017-07-28 23:27:17,204 - org.eclipse.jetty.io - 9.3.9.v20160517
2017-07-28 23:27:17,273 - org.eclipse.jetty.security - 9.3.9.v20160517
2017-07-28 23:27:17,355 - org.eclipse.jetty.server - 9.3.9.v20160517
2017-07-28 23:27:17,640 - org.eclipse.jetty.servlet - 9.3.9.v20160517
2017-07-28 23:27:17,769 - org.eclipse.jetty.util - 9.3.9.v20160517
2017-07-28 23:27:17,772 - org.eclipse.core.net - 1.3.0.v20160418-1534
2017-07-28 23:27:18,015 - org.eclipse.equinox.security - 1.2.200.v20150715-1528
2017-07-28 23:27:19,097 - org.eclipse.mylyn.bugzilla.core - 3.21.0.v20160909-1813
2017-07-28 23:27:19,146 - org.eclipse.mylyn.bugzilla.ui - 3.21.0.v20160909-1813
2017-07-28 23:27:19,279 - org.eclipse.andmore.hierarchyviewer - 0.5.0.201605181018
2017-07-28 23:27:19,472 - org.eclipse.sequoyah.device.backward - 2.1.0.N20120718-0509
2017-07-28 23:27:19,591 - org.eclipse.sequoyah.device.framework - 2.1.0.N20120718-0509
2017-07-28 23:27:19,644 - org.eclipse.sequoyah.device.framework.ui - 2.1.0.N20120718-0509
2017-07-28 23:27:20,058 - org.eclipse.sequoyah.device.service.start - 2.1.0.N20120718-0509
2017-07-28 23:27:20,230 - org.eclipse.sequoyah.device.service.stop - 2.1.0.N20120718-0509
2017-07-28 23:27:20,692 - org.eclipse.sequoyah.device.framework.wizard - 2.1.0.N20120718-0509
2017-07-28 23:27:20,785 - org.eclipse.buildship.core - 1.0.21.v20161010-1640
2017-07-28 23:27:20,798 - org.eclipse.buildship.ui - 1.0.21.v20161010-1640
2017-07-28 23:27:20,862 - org.eclipse.buildship.branding - 1.0.21.v20161010-1640
2017-07-28 23:27:21,031 - org.eclipse.buildship.stsmigration - 1.0.21.v20161010-1640
2017-07-28 23:27:21,329 - org.eclipse.egit.core - 4.6.1.201703071140-r
2017-07-28 23:27:21,400 - org.eclipse.egit.ui - 4.6.1.201703071140-r
2017-07-28 23:27:21,461 - org.eclipse.egit - 4.6.1.201703071140-r
2017-07-28 23:27:21,487 - org.eclipse.egit.doc - 4.6.1.201703071140-r
2017-07-28 23:27:21,536 - org.eclipse.mylyn.tasks.core - 3.21.0.v20160914-0252
2017-07-28 23:27:21,755 - org.eclipse.mylyn.tasks.index.core - 3.21.0.v20160630-2019
2017-07-28 23:27:22,201 - org.eclipse.mylyn.tasks.index.ui - 3.21.0.v20160630-2019
2017-07-28 23:27:22,259 - org.eclipse.mylyn.tasks.search - 3.21.0.v20160630-2019
2017-07-28 23:27:22,330 - org.eclipse.mylyn.tasks.ui - 3.21.0.v20160913-2131
2017-07-28 23:27:23,231 - org.eclipse.aether.maven - 3.1.0.v20140706-2237
2017-07-28 23:27:23,359 - org.eclipse.gef - 3.11.0.201606061308
2017-07-28 23:27:23,827 - org.eclipse.mylyn.commons.identity.core - 1.13.0.v20160630-1702
2017-07-28 23:27:23,968 - org.eclipse.oomph.p2 - 1.8.0.v20170318-0419
2017-07-28 23:27:23,994 - org.eclipse.oomph.p2.core - 1.8.0.v20170410-0909
2017-07-28 23:27:24,017 - org.eclipse.oomph.p2.edit - 1.8.0.v20170318-0419
2017-07-28 23:27:24,031 - org.eclipse.oomph.p2.ui - 1.8.0.v20170327-1117
2017-07-28 23:27:24,124 - org.eclipse.oomph.p2.doc - 1.8.0.v20170318-0419
2017-07-28 23:27:24,664 - org.eclipse.datatools.enablement.sqlite - 1.1.0.201603142002
2017-07-28 23:27:24,735 - org.eclipse.datatools.enablement.sqlite.dbdefinition - 1.1.0.201603142002
2017-07-28 23:27:24,930 - org.eclipse.datatools.enablement.sqlite.ui - 1.1.0.201603142002
2017-07-28 23:27:25,053 - org.eclipse.datatools.enablement.finfo - 1.6.0.201603142002
2017-07-28 23:27:25,415 - org.eclipse.emf.codegen.ui - 2.6.0.v20160526-0356
2017-07-28 23:27:25,560 - org.eclipse.mylyn.commons.notifications.core - 1.13.0.v20160630-1702
2017-07-28 23:27:25,561 - org.eclipse.mylyn.commons.notifications.feed - 1.13.0.v20160721-2347
2017-07-28 23:27:25,693 - org.eclipse.mylyn.commons.notifications.ui - 1.13.0.v20160630-1702
2017-07-28 23:27:25,947 - org.eclipse.emf.converter - 2.7.0.v20160526-0356
2017-07-28 23:27:26,015 - org.eclipse.emf.importer - 2.9.0.v20160526-0356
2017-07-28 23:27:26,095 - org.eclipse.emf.exporter - 2.7.0.v20160526-0356
2017-07-28 23:27:26,310 - org.eclipse.emf.importer.ecore - 2.8.0.v20160526-0356
2017-07-28 23:27:26,520 - org.eclipse.emf.importer.java - 2.7.0.v20160526-0356
2017-07-28 23:27:26,700 - org.eclipse.emf.importer.rose - 2.8.0.v20160526-0356
2017-07-28 23:27:26,910 - org.eclipse.emf.edit.ui - 2.12.0.v20160526-0356
2017-07-28 23:27:27,081 - org.eclipse.help - 3.7.0.v20160602-1307
2017-07-28 23:27:27,137 - org.eclipse.ui - 3.108.1.v20160929-1045
2017-07-28 23:27:27,183 - org.eclipse.ui.workbench - 3.108.3.v20170216-1539
2017-07-28 23:27:27,183 - org.eclipse.update.configurator - 3.3.400.v20160506-0750
2017-07-28 23:27:27,247 - org.eclipse.rcp - 4.6.3.v20170301-0400
2017-07-28 23:27:27,424 - org.eclipse.recommenders.rcp - 2.4.6.v20170307-1041
2017-07-28 23:27:27,588 - org.eclipse.recommenders.apidocs - 2.4.6.v20170307-1041
2017-07-28 23:27:27,609 - org.eclipse.recommenders.apidocs.rcp - 2.4.6.v20170307-1041
2017-07-28 23:27:27,995 - org.eclipse.recommenders.calls - 2.4.6.v20170307-1041
2017-07-28 23:27:28,068 - org.eclipse.recommenders.calls.rcp - 2.4.6.v20170307-1041
2017-07-28 23:27:28,118 - org.eclipse.recommenders.chain.rcp - 2.4.6.v20170307-1041
2017-07-28 23:27:28,171 - org.eclipse.recommenders.completion.rcp - 2.4.6.v20170307-1041
2017-07-28 23:27:28,257 - org.eclipse.recommenders.constructors - 2.4.6.v20170307-1041
2017-07-28 23:27:28,385 - org.eclipse.recommenders.constructors.rcp - 2.4.6.v20170307-1041
2017-07-28 23:27:28,677 - org.eclipse.recommenders.coordinates - 2.4.6.v20170307-1041
2017-07-28 23:27:28,715 - org.eclipse.recommenders.coordinates.rcp - 2.4.6.v20170307-1041
2017-07-28 23:27:28,743 - org.eclipse.recommenders.injection - 2.4.6.v20170307-1041
2017-07-28 23:27:28,830 - org.eclipse.recommenders.jayes - 2.4.6.v20170307-1041
2017-07-28 23:27:29,124 - org.eclipse.recommenders.jayes.io - 2.4.6.v20170307-1041
2017-07-28 23:27:29,360 - org.eclipse.recommenders.jdt - 2.4.6.v20170307-1041
2017-07-28 23:27:29,405 - org.eclipse.recommenders.models - 2.4.6.v20170307-1041
2017-07-28 23:27:29,431 - org.eclipse.recommenders.models.rcp - 2.4.6.v20170307-1041
2017-07-28 23:27:29,540 - org.eclipse.recommenders.net - 2.4.6.v20170307-1041
2017-07-28 23:27:29,652 - org.eclipse.recommenders.overrides - 2.4.6.v20170307-1041
2017-07-28 23:27:29,809 - org.eclipse.recommenders.overrides.rcp - 2.4.6.v20170307-1041
2017-07-28 23:27:30,016 - org.eclipse.recommenders.subwords.rcp - 2.4.6.v20170307-1041
2017-07-28 23:27:30,336 - org.eclipse.recommenders.types.rcp - 2.4.6.v20170307-1041
2017-07-28 23:27:30,402 - org.eclipse.recommenders.utils - 2.4.6.v20170307-1041
2017-07-28 23:27:30,777 - org.eclipse.recommenders.utils.rcp - 2.4.6.v20170307-1041
2017-07-28 23:27:31,090 - org.eclipse.mylyn.commons.repositories.http.core - 1.13.0.v20160630-1702
2017-07-28 23:27:31,307 - org.eclipse.datatools.connectivity.oda.design.ui - 3.3.0.201603142002
2017-07-28 23:27:31,308 - org.eclipse.datatools.connectivity.ui.dse - 1.2.0.201603142002
2017-07-28 23:27:31,375 - org.eclipse.datatools.connectivity.ui - 1.3.0.201603142002
2017-07-28 23:27:31,439 - org.eclipse.datatools.connectivity.sqm.core - 1.3.0.201603142002
2017-07-28 23:27:31,598 - org.eclipse.datatools.help - 1.6.0.201603142002
2017-07-28 23:27:31,766 - org.eclipse.jdt - 3.12.3.v20170301-0400
2017-07-28 23:27:31,824 - org.eclipse.ant.ui - 3.6.201.v20161115-1135
2017-07-28 23:27:31,853 - org.eclipse.jdt.apt.core - 3.4.100.v20160525-0952
2017-07-28 23:27:31,913 - org.eclipse.jdt.apt.ui - 3.4.100.v20160418-1457
2017-07-28 23:27:31,913 - org.eclipse.jdt.apt.pluggable.core - 1.1.100.v20160418-1457
2017-07-28 23:27:31,913 - org.eclipse.jdt.compiler.apt - 1.2.100.v20160418-1457
2017-07-28 23:27:31,932 - org.eclipse.jdt.compiler.tool - 1.1.100.v20160418-1457
2017-07-28 23:27:31,961 - org.eclipse.jdt.core - 3.12.3.v20170228-1205
2017-07-28 23:27:32,104 - org.eclipse.jdt.annotation - 2.1.0.v20160418-1457
2017-07-28 23:27:32,104 - org.eclipse.jdt.annotation - 2.1.0.v20160418-1457
2017-07-28 23:27:32,104 - org.eclipse.jdt.core.manipulation - 1.7.0.v20160419-0705
2017-07-28 23:27:32,140 - org.eclipse.jdt.debug.ui - 3.7.201.v20160811-0450
2017-07-28 23:27:32,447 - org.eclipse.jdt.debug - 3.10.1.v20160811-0441
2017-07-28 23:27:32,484 - org.eclipse.jdt.junit - 3.9.0.v20160421-1701
2017-07-28 23:27:32,563 - org.eclipse.jdt.junit.core - 3.8.0.v20160421-1701
2017-07-28 23:27:32,619 - org.eclipse.jdt.junit.runtime - 3.4.600.v20160505-0715
2017-07-28 23:27:33,013 - org.eclipse.jdt.junit4.runtime - 1.1.600.v20160505-0715
2017-07-28 23:27:33,087 - org.eclipse.jdt.launching - 3.8.101.v20161111-2014
2017-07-28 23:27:33,147 - org.eclipse.jdt.ui - 3.12.2.v20160929-0804
2017-07-28 23:27:33,331 - org.junit - 4.12.0.v201504281640
2017-07-28 23:27:33,401 - org.hamcrest.core - 1.3.0.v201303031735
2017-07-28 23:27:33,540 - org.eclipse.jdt.doc.user - 3.12.1.v20160727-2009
2017-07-28 23:27:33,638 - org.eclipse.ant.launching - 1.1.201.v20161115-1135
2017-07-28 23:27:33,817 - org.eclipse.emf.common - 2.12.0.v20160420-0247
2017-07-28 23:27:34,092 - org.eclipse.sequoyah.vnc.vncviewer.vncviews - 2.1.0.N20120718-0509
2017-07-28 23:27:34,392 - org.eclipse.egit.mylyn.ui - 4.6.1.201703071140-r
2017-07-28 23:27:34,560 - org.eclipse.datatools.sqltools.common.ui - 1.1.0.201603142002
2017-07-28 23:27:34,689 - org.eclipse.datatools.sqltools.debugger.core - 1.1.0.201603142002
2017-07-28 23:27:34,844 - org.eclipse.datatools.sqltools.editor.core - 1.1.0.201603142002
2017-07-28 23:27:34,902 - org.eclipse.datatools.sqltools.plan - 1.1.0.201603142002
2017-07-28 23:27:35,105 - org.eclipse.datatools.sqltools.routineeditor - 1.1.0.201603142002
2017-07-28 23:27:35,196 - org.eclipse.datatools.sqltools.sql - 1.1.0.201603142002
2017-07-28 23:27:35,239 - org.eclipse.datatools.sqltools.sqleditor - 1.1.0.201603142002
2017-07-28 23:27:35,276 - org.eclipse.datatools.sqltools.sqlscrapbook - 1.1.0.201603142002
2017-07-28 23:27:35,276 - org.eclipse.datatools.help - 1.6.0.201603142002
2017-07-28 23:27:35,374 - org.eclipse.datatools.sqltools.db.generic - 1.1.0.201603142002
2017-07-28 23:27:35,453 - org.eclipse.datatools.sqltools.debugger.core.ui - 1.1.0.201603142002
2017-07-28 23:27:35,887 - org.eclipse.datatools.sqltools.editor.core.ui - 1.1.0.201603142002
2017-07-28 23:27:35,947 - org.eclipse.datatools.sqltools.result.ui - 1.2.0.201603142002
2017-07-28 23:27:36,019 - org.eclipse.datatools.sqltools.routineeditor.ui - 1.1.0.201603142002
2017-07-28 23:27:36,142 - org.eclipse.datatools.sqltools.sql.ui - 1.1.0.201603142002
2017-07-28 23:27:36,391 - org.objectweb.asm - 5.0.1.v201404251740
2017-07-28 23:27:36,411 - org.eclipse.andmore - 0.5.0.201605181018
2017-07-28 23:27:36,411 - org.eclipse.andmore.base - 0.5.0.201605181018
2017-07-28 23:27:36,491 - org.eclipse.andmore.ddms - 0.5.0.201605181018
2017-07-28 23:27:36,569 - org.eclipse.andmore.overlay - 0.5.0.201605181018
2017-07-28 23:27:36,657 - org.apache.commons.codec - 1.9.0.v20170208-1614
2017-07-28 23:27:36,714 - org.apache.commons.compress - 1.6.0.v201310281400
2017-07-28 23:27:36,715 - org.apache.httpcomponents.httpclient - 4.5.2.v20170210-0925
2017-07-28 23:27:36,789 - org.apache.httpcomponents.httpcore - 4.4.6.v20170210-0925
2017-07-28 23:27:36,989 - org.eclipse.datatools.modelbase.dbdefinition - 1.1.0.201603142002
2017-07-28 23:27:37,052 - org.eclipse.datatools.modelbase.sql.edit - 1.1.0.201603142002
2017-07-28 23:27:37,257 - org.eclipse.datatools.modelbase.sql.query - 1.2.0.201603142002
2017-07-28 23:27:37,332 - org.eclipse.datatools.modelbase.sql.query.edit - 1.1.0.201603142002
2017-07-28 23:27:37,420 - org.eclipse.datatools.modelbase.sql.xml.query - 1.1.0.201603142002
2017-07-28 23:27:37,585 - org.eclipse.datatools.modelbase.sql - 1.1.0.201603142002
2017-07-28 23:27:37,807 - org.eclipse.oomph.setup.editor - 1.8.0.v20170327-1117
2017-07-28 23:27:37,888 - org.eclipse.oomph.setup.ui - 1.8.0.v20170530-1735
2017-07-28 23:27:38,003 - org.eclipse.oomph.setup.doc - 1.9.0.v20170706-0615
2017-07-28 23:27:38,075 - org.eclipse.oomph.setup.ui.questionnaire - 1.8.0.v20170318-0419
2017-07-28 23:27:38,076 - org.eclipse.oomph.jreinfo.ui - 1.8.0.v20170327-1117
2017-07-28 23:27:38,253 - org.eclipse.emf.mapping - 2.9.0.v20160526-0356
2017-07-28 23:27:38,379 - org.eclipse.emf.ecore - 2.12.0.v20160420-0247
2017-07-28 23:27:38,459 - org.eclipse.emf.ecore.change - 2.11.0.v20160420-0247
2017-07-28 23:27:38,481 - org.eclipse.emf.ecore.xmi - 2.12.0.v20160420-0247
2017-07-28 23:27:38,607 - org.eclipse.jgit - 4.6.1.201703071140-r
2017-07-28 23:27:38,869 - org.eclipse.jgit.archive - 4.6.1.201703071140-r
2017-07-28 23:27:38,889 - com.jcraft.jsch - 0.1.54.v20170116-1932
2017-07-28 23:27:38,960 - javaewah - 1.1.6.v20160919-1400
2017-07-28 23:27:38,960 - org.apache.commons.compress - 1.6.0.v201310281400
2017-07-28 23:27:38,961 - org.slf4j.api - 1.7.2.v20121108-1250
2017-07-28 23:27:38,986 - org.slf4j.impl.log4j12 - 1.7.2.v20131105-2200
2017-07-28 23:27:39,250 - org.apache.log4j - 1.2.15.v201012070815
2017-07-28 23:27:39,466 - org.eclipse.mylyn.wikitext.core - 2.10.1.v20161129-1925
2017-07-28 23:27:39,676 - org.eclipse.mylyn.wikitext.core.ant - 2.10.1.v20161129-1925
2017-07-28 23:27:39,817 - org.eclipse.mylyn.wikitext.core.osgi - 2.10.1.v20161129-1925
2017-07-28 23:27:39,873 - org.eclipse.mylyn.wikitext.textile.core - 2.10.1.v20161129-1925
2017-07-28 23:27:40,249 - org.eclipse.mylyn.wikitext.html.core - 2.10.1.v20161129-1925
2017-07-28 23:27:40,355 - org.eclipse.mylyn.wikitext.markdown.core - 2.10.1.v20161129-1925
2017-07-28 23:27:40,404 - org.eclipse.mylyn.wikitext.mediawiki.core - 2.10.1.v20161129-1925
2017-07-28 23:27:40,685 - org.eclipse.mylyn.wikitext.mediawiki.core.ant - 2.10.1.v20161129-1925
2017-07-28 23:27:40,752 - org.eclipse.mylyn.wikitext.confluence.core - 2.10.1.v20161129-1925
2017-07-28 23:27:40,822 - org.eclipse.mylyn.wikitext.tracwiki.core - 2.10.1.v20161129-1925
2017-07-28 23:27:41,248 - org.eclipse.mylyn.wikitext.twiki.core - 2.10.1.v20161129-1925
2017-07-28 23:27:41,296 - org.eclipse.mylyn.wikitext.ui - 2.10.1.v20161129-1925
2017-07-28 23:27:41,362 - org.eclipse.mylyn.wikitext.help.ui - 2.10.1.v20161129-1925
2017-07-28 23:27:41,485 - org.eclipse.mylyn.wikitext.textile.ui - 2.10.1.v20161129-1925
2017-07-28 23:27:41,546 - org.eclipse.mylyn.wikitext.markdown.ui - 2.10.1.v20161129-1925
2017-07-28 23:27:41,650 - org.eclipse.mylyn.wikitext.mediawiki.ui - 2.10.1.v20161129-1925
2017-07-28 23:27:41,749 - org.eclipse.mylyn.wikitext.confluence.ui - 2.10.1.v20161129-1925
2017-07-28 23:27:41,815 - org.eclipse.mylyn.wikitext.tracwiki.ui - 2.10.1.v20161129-1925
2017-07-28 23:27:41,957 - org.eclipse.mylyn.wikitext.twiki.ui - 2.10.1.v20161129-1925
2017-07-28 23:27:42,320 - org.eclipse.mylyn.wikitext.tasks.ui - 2.10.1.v20161129-1925
2017-07-28 23:27:42,578 - org.eclipse.mylyn.wikitext.context.ui - 2.10.1.v20161129-1925
2017-07-28 23:27:42,641 - org.eclipse.mylyn.wikitext.asciidoc.core - 2.10.1.v20161129-1925
2017-07-28 23:27:42,733 - org.eclipse.mylyn.wikitext.asciidoc.ui - 2.10.1.v20161129-1925
2017-07-28 23:27:42,963 - org.eclipse.emf.mapping.ecore.editor - 2.6.0.v20160526-0356
2017-07-28 23:27:43,246 - org.eclipse.emf.mapping.ecore2ecore.editor - 2.7.0.v20160526-0356
2017-07-28 23:27:43,289 - org.eclipse.emf.mapping.ecore2xml.ui - 2.8.0.v20160526-0356
2017-07-28 23:27:43,721 - org.eclipse.recommenders.mylyn.rcp - 2.4.6.v20170307-1041
2017-07-28 23:27:47,043 - org.apache.ant - 1.9.6.v201510161327
2017-07-28 23:27:47,044 - org.eclipse.ant.core - 3.4.100.v20160505-0642
2017-07-28 23:27:47,044 - com.jcraft.jsch - 0.1.54.v20170116-1932
2017-07-28 23:27:47,045 - org.eclipse.compare.core - 3.6.0.v20160418-1534
2017-07-28 23:27:47,157 - org.eclipse.compare - 3.7.1.v20170103-1805
2017-07-28 23:27:47,380 - org.eclipse.compare.win32 - 1.1.0.v20160418-1534
2017-07-28 23:27:47,413 - org.eclipse.core.filebuffers - 3.6.0.v20160503-1849
2017-07-28 23:27:47,414 - org.eclipse.core.filesystem - 1.6.1.v20161113-2349
2017-07-28 23:27:47,414 - org.eclipse.core.net - 1.3.0.v20160418-1534
2017-07-28 23:27:47,414 - org.eclipse.core.net.win32.x86_64 - 1.1.0.v20160323-1650
2017-07-28 23:27:47,462 - org.eclipse.core.resources - 3.11.1.v20161107-2032
2017-07-28 23:27:47,643 - org.eclipse.osgi.util - 3.3.100.v20150423-1351
2017-07-28 23:27:47,678 - org.eclipse.debug.core - 3.10.100.v20160419-1720
2017-07-28 23:27:47,748 - org.eclipse.debug.ui - 3.11.202.v20161114-0338
2017-07-28 23:27:47,749 - org.eclipse.equinox.event - 1.3.200.v20160324-1850
2017-07-28 23:27:47,790 - org.eclipse.ltk.core.refactoring - 3.7.0.v20160419-0705
2017-07-28 23:27:47,860 - org.eclipse.ltk.ui.refactoring - 3.8.0.v20160518-1817
2017-07-28 23:27:47,860 - org.eclipse.platform - 4.6.3.v20170301-0400
2017-07-28 23:27:48,020 - org.eclipse.platform.doc.user - 4.6.1.v20160727-2009
2017-07-28 23:27:48,088 - org.eclipse.search - 3.11.1.v20161113-1700
2017-07-28 23:27:48,122 - org.eclipse.team.core - 3.8.0.v20160418-1534
2017-07-28 23:27:48,181 - org.eclipse.team.ui - 3.8.0.v20160518-1906
2017-07-28 23:27:48,188 - org.eclipse.text - 3.6.0.v20160503-1849
2017-07-28 23:27:48,210 - org.eclipse.jface.text - 3.11.2.v20170220-1911
2017-07-28 23:27:48,211 - org.eclipse.jsch.core - 1.3.0.v20160422-1917
2017-07-28 23:27:48,272 - org.eclipse.jsch.ui - 1.3.0.v20160323-1650
2017-07-28 23:27:48,315 - org.eclipse.ui.console - 3.6.201.v20161107-0337
2017-07-28 23:27:48,343 - org.eclipse.ui.intro - 3.5.2.v20161116-1147
2017-07-28 23:27:48,344 - org.eclipse.ui.intro.universal - 3.3.1.v20160829-1558
2017-07-28 23:27:48,442 - org.eclipse.ui.cheatsheets - 3.5.0.v20160504-0839
2017-07-28 23:27:48,540 - org.eclipse.ui.browser - 3.5.2.v20161114-0210
2017-07-28 23:27:48,628 - org.eclipse.ui.monitoring - 1.1.2.v20170203-1115
2017-07-28 23:27:48,707 - org.eclipse.ui.navigator - 3.6.101.v20161006-1120
2017-07-28 23:27:48,759 - org.eclipse.ui.navigator.resources - 3.5.101.v20161006-0640
2017-07-28 23:27:48,760 - org.eclipse.ui.net - 1.3.0.v20160426-1633
2017-07-28 23:27:48,796 - org.eclipse.ui.workbench.texteditor - 3.10.1.v20160818-1626
2017-07-28 23:27:48,859 - org.eclipse.ui.views - 3.8.102.v20170111-0801
2017-07-28 23:27:48,859 - org.eclipse.ui.editors - 3.10.1.v20161106-1856
2017-07-28 23:27:48,905 - org.eclipse.ui.externaltools - 3.3.100.v20160518-1858
2017-07-28 23:27:48,992 - org.eclipse.ui.ide - 3.12.3.v20170119-0935
2017-07-28 23:27:48,993 - org.eclipse.ui.ide.application - 1.1.101.v20160829-0827
2017-07-28 23:27:48,993 - org.eclipse.ui.win32 - 3.3.0.v20160505-1310
2017-07-28 23:27:48,993 - org.eclipse.core.resources.win32.x86_64 - 3.5.0.v20140124-1940
2017-07-28 23:27:48,993 - org.eclipse.core.filesystem.win32.x86_64 - 1.4.0.v20140124-1940
2017-07-28 23:27:49,186 - org.eclipse.core.variables - 3.3.0.v20160419-1720
2017-07-28 23:27:49,213 - org.eclipse.ui.forms - 3.7.1.v20161220-1635
2017-07-28 23:27:49,307 - org.eclipse.ui.views.properties.tabbed - 3.7.0.v20160310-0903
2017-07-28 23:27:49,307 - org.eclipse.equinox.security - 1.2.200.v20150715-1528
2017-07-28 23:27:49,426 - org.eclipse.equinox.security.ui - 1.1.300.v20150803-1225
2017-07-28 23:27:49,428 - org.eclipse.equinox.security.win32.x86_64 - 1.0.100.v20130327-1442
2017-07-28 23:27:49,736 - org.eclipse.core.externaltools - 1.0.400.v20160509-1057
2017-07-28 23:27:49,737 - org.eclipse.ui.themes - 1.1.300.v20161107-1827
2017-07-28 23:27:49,737 - org.eclipse.core.runtime - 3.12.0.v20160606-1342
2017-07-28 23:27:49,738 - org.eclipse.ui.intro.quicklinks - 1.0.0.v20160515-0255
2017-07-28 23:27:49,930 - org.eclipse.mylyn.discovery.core - 3.21.0.v20160729-1739
2017-07-28 23:27:49,970 - org.eclipse.mylyn.discovery.ui - 3.21.0.v20160630-1702
2017-07-28 23:27:50,167 - org.eclipse.emf.ecore.edit - 2.9.0.v20160526-0356
2017-07-28 23:27:50,619 - org.eclipse.emf.ecore.change.edit - 2.6.0.v20160526-0356
2017-07-28 23:27:50,815 - org.eclipse.sequoyah.vnc.protocol - 2.1.0.N20120718-0509
2017-07-28 23:27:51,199 - org.eclipse.mylyn.versions.core - 1.13.0.v20160630-2022
2017-07-28 23:27:51,298 - org.eclipse.mylyn.versions.ui - 1.13.0.v20160630-2022
2017-07-28 23:27:51,641 - org.eclipse.emf.mapping.ecore - 2.6.0.v20160526-0356
2017-07-28 23:27:51,678 - org.eclipse.emf.mapping.ecore2ecore - 2.9.0.v20160526-0356
2017-07-28 23:27:52,036 - org.eclipse.emf.mapping.ecore2xml - 2.9.0.v20160526-0356
2017-07-28 23:27:52,298 - org.eclipse.andmore.traceview - 0.5.0.201605181018
2017-07-28 23:27:52,798 - org.eclipse.sequoyah.localization.android - 2.1.0.N20120718-0509
2017-07-28 23:27:52,897 - org.eclipse.sequoyah.localization.android.help - 2.1.1.N20120718-0509
2017-07-28 23:27:53,075 - org.eclipse.m2e.logback.configuration - 1.7.0.20160603-1933
2017-07-28 23:27:53,100 - org.eclipse.m2e.logback.appender - 1.7.0.20160603-1933
2017-07-28 23:27:53,368 - org.eclipse.emf.codegen - 2.11.0.v20160526-0356
2017-07-28 23:27:53,588 - org.eclipse.wst.dtd.ui - 1.0.801.v201308100602
2017-07-28 23:27:53,693 - org.eclipse.wst.dtd.ui.infopop - 1.0.400.v201309112106
2017-07-28 23:27:53,845 - org.eclipse.wst.sse.ui.infopop - 1.0.300.v201309112106
2017-07-28 23:27:53,981 - org.eclipse.wst.xml.ui.infopop - 1.0.400.v201309112106
2017-07-28 23:27:54,005 - org.eclipse.wst.sse.ui - 1.3.500.v201605120129
2017-07-28 23:27:54,083 - org.eclipse.wst.xml.ui - 1.1.700.v201604272318
2017-07-28 23:27:54,213 - org.eclipse.wst.xsd.ui - 1.2.600.v201511240159
2017-07-28 23:27:54,571 - org.eclipse.emf - 2.6.0.v20160526-0356
2017-07-28 23:27:54,910 - org.eclipse.datatools.doc.user - 1.7.0.20090521092446
2017-07-28 23:27:55,169 - org.eclipse.datatools.oda.cshelp - 1.2.0.201603142002
2017-07-28 23:27:55,169 - org.eclipse.datatools.help - 1.6.0.201603142002
2017-07-28 23:27:55,269 - org.eclipse.mylyn.tasks.bugs - 3.21.0.v20160929-1805
2017-07-28 23:27:55,269 - org.eclipse.mylyn.help.ui - 3.21.0.v20160913-2013
2017-07-28 23:27:55,351 - org.eclipse.draw2d - 3.10.100.201606061308
2017-07-28 23:27:55,567 - org.eclipse.emf.edit - 2.12.0.v20160526-0356
2017-07-28 23:27:55,788 - org.eclipse.mylyn.commons.core - 3.21.0.v20160707-1856
2017-07-28 23:27:55,844 - org.eclipse.mylyn.commons.screenshots - 3.21.0.v20160630-1702
2017-07-28 23:27:55,862 - org.eclipse.mylyn.commons.ui - 3.21.0.v20160630-1702
2017-07-28 23:27:55,899 - org.eclipse.mylyn.commons.workbench - 3.21.0.v20160630-1702
2017-07-28 23:27:56,073 - org.eclipse.mylyn.bugzilla.ide - 3.21.0.v20160912-1820
2017-07-28 23:27:56,267 - org.eclipse.mylyn.ide.ui - 3.21.0.v20160701-1337
2017-07-28 23:27:56,420 - org.eclipse.emf.databinding.edit - 1.3.0.v20160526-0356
2017-07-28 23:27:56,753 - org.eclipse.emf.codegen.ecore - 2.12.0.v20160526-0356
2017-07-28 23:27:56,775 - org.eclipse.emf.ant - 2.8.0.v20160526-0356
2017-07-28 23:27:58,897 - org.eclipse.m2e.archetype.common - 1.7.0.20160603-1931
2017-07-28 23:27:59,365 - org.eclipse.m2e.maven.indexer - 1.7.0.20160603-1931
2017-07-28 23:27:59,449 - org.eclipse.m2e.model.edit - 1.7.0.20160603-1933
2017-07-28 23:27:59,512 - org.eclipse.m2e.core - 1.7.0.20160603-1933
2017-07-28 23:27:59,574 - org.eclipse.m2e.launching - 1.7.0.20160603-1933
2017-07-28 23:27:59,700 - org.eclipse.m2e.workspace.cli - 0.3.1
2017-07-28 23:28:00,016 - org.eclipse.m2e.jdt - 1.7.0.20160603-1933
2017-07-28 23:28:00,080 - org.eclipse.m2e.editor - 1.7.0.20160603-1933
2017-07-28 23:28:00,155 - org.eclipse.m2e.editor.xml - 1.7.0.20160603-1933
2017-07-28 23:28:09,489 - org.eclipse.m2e.maven.runtime - 1.7.0.20160603-1931
2017-07-28 23:28:09,786 - org.eclipse.m2e.maven.runtime.slf4j.simple - 1.7.0.20160603-1931
2017-07-28 23:28:09,810 - org.eclipse.m2e.refactoring - 1.7.0.20160603-1933
2017-07-28 23:28:09,928 - org.eclipse.m2e.lifecyclemapping.defaults - 1.7.0.20160603-1933
2017-07-28 23:28:09,985 - org.eclipse.m2e.discovery - 1.7.0.20160603-1933
2017-07-28 23:28:10,042 - org.eclipse.m2e.core.ui - 1.7.0.20160603-1933
2017-07-28 23:28:10,099 - org.eclipse.m2e.scm - 1.7.0.20160603-1933
2017-07-28 23:28:10,100 - org.eclipse.m2e.jdt.ui - 1.7.0.20160603-1933
2017-07-28 23:28:10,206 - org.eclipse.m2e.profiles.core - 1.7.0.20160603-1933
2017-07-28 23:28:10,609 - org.eclipse.m2e.profiles.ui - 1.7.0.20160603-1933
2017-07-28 23:28:10,696 - org.eclipse.m2e.importer - 1.7.0.20160603-1933
2017-07-28 23:28:10,848 - org.eclipse.andmore.ndk - 0.5.0.201605181018
2017-07-28 23:28:10,988 - org.eclipse.andmore.gldebugger - 0.5.0.201605181018
2017-07-28 23:28:11,122 - org.eclipse.mylyn.hudson.core - 1.13.0.v20160806-1446
2017-07-28 23:28:11,272 - org.eclipse.mylyn.hudson.ui - 1.13.0.v20160704-1634
2017-07-28 23:28:11,460 - org.eclipse.epp.mpc.core - 1.5.4.v20170222-1921
2017-07-28 23:28:11,491 - org.eclipse.epp.mpc.ui - 1.5.4.v20170222-1941
2017-07-28 23:28:11,534 - org.eclipse.epp.mpc.help.ui - 1.5.4.v20170201-1845
2017-07-28 23:28:11,534 - org.apache.httpcomponents.httpclient - 4.5.2.v20170210-0925
2017-07-28 23:28:11,534 - org.apache.httpcomponents.httpcore - 4.4.6.v20170210-0925
2017-07-28 23:28:11,754 - org.eclipse.mylyn.git.core - 1.13.0.v20160630-2022
2017-07-28 23:28:11,877 - org.eclipse.mylyn.git.ui - 1.13.0.v20160630-2022
2017-07-28 23:28:12,113 - org.eclipse.datatools.connectivity.oda.consumer - 3.3.0.201603142002
2017-07-28 23:28:12,219 - org.eclipse.datatools.connectivity.oda.design - 3.4.0.201603142002
2017-07-28 23:28:12,423 - org.eclipse.datatools.connectivity.oda.profile - 3.3.0.201603142002
2017-07-28 23:28:12,512 - org.eclipse.datatools.connectivity.oda - 3.5.0.201603142002
2017-07-28 23:28:12,634 - org.eclipse.datatools.connectivity - 1.13.0.201603142002
2017-07-28 23:28:12,813 - org.eclipse.andmore.android.certmanager - 0.5.0.201605181018
2017-07-28 23:28:13,009 - org.eclipse.recommenders.snipmatch - 2.4.6.v20170307-1041
2017-07-28 23:28:13,092 - org.eclipse.recommenders.snipmatch.rcp - 2.4.6.v20170307-1041
2017-07-28 23:28:13,357 - org.eclipse.cdt.gdb - 7.0.0.201703062208
2017-07-28 23:28:13,444 - org.eclipse.cdt.gdb.ui - 7.0.0.201703062208
2017-07-28 23:28:13,644 - org.eclipse.sequoyah.localization.tools - 2.1.0.N20120718-0509
2017-07-28 23:28:13,730 - org.eclipse.sequoyah.localization.editor - 2.1.0.N20120718-0509
2017-07-28 23:28:13,867 - org.eclipse.pde - 3.12.3.v20170301-0400
2017-07-28 23:28:14,121 - org.eclipse.pde.build - 3.9.200.v20160204-0642
2017-07-28 23:28:14,142 - org.eclipse.pde.core - 3.11.1.v20161115-1951
2017-07-28 23:28:14,309 - org.eclipse.pde.junit.runtime - 3.5.0.v20151013-0625
2017-07-28 23:28:14,367 - org.eclipse.pde.runtime - 3.5.0.v20160418-1724
2017-07-28 23:28:14,470 - org.eclipse.pde.ui - 3.9.100.v20161102-0517
2017-07-28 23:28:14,609 - org.eclipse.pde.doc.user - 3.12.2.v20170221-1001
2017-07-28 23:28:14,716 - org.eclipse.pde.ui.templates - 3.6.0.v20160424-1948
2017-07-28 23:28:14,772 - org.eclipse.ui.views.log - 1.2.1.v20160829-0826
2017-07-28 23:28:14,772 - org.objectweb.asm - 5.0.1.v201404251740
2017-07-28 23:28:15,195 - org.objectweb.asm.tree - 5.0.1.v201404251740
2017-07-28 23:28:15,267 - org.eclipse.pde.api.tools - 1.1.2.v20161115-0549
2017-07-28 23:28:15,378 - org.eclipse.pde.api.tools.annotations - 1.0.100.v20160418-1724
2017-07-28 23:28:15,407 - org.eclipse.pde.api.tools.ui - 1.1.0.v20160519-0701
2017-07-28 23:28:15,435 - org.eclipse.pde.ds.core - 1.1.0.v20151201-1325
2017-07-28 23:28:15,526 - org.eclipse.pde.ds.ui - 1.1.0.v20160518-1843
2017-07-28 23:28:15,527 - org.eclipse.pde.launching - 3.6.401.v20161115-0549
2017-07-28 23:28:15,607 - org.eclipse.pde.ua.core - 1.0.500.v20160204-0642
2017-07-28 23:28:15,751 - org.eclipse.pde.ua.ui - 1.1.0.v20160518-1843
2017-07-28 23:28:15,796 - org.eclipse.ui.trace - 1.0.400.v20160509-1055
2017-07-28 23:28:15,797 - org.eclipse.pde.ds.annotations - 1.0.0.v20160525-1437
2017-07-28 23:28:15,997 - net.sourceforge.lpg.lpgjavaruntime - 1.1.0.v201004271650
2017-07-28 23:28:16,068 - org.eclipse.datatools.sqltools.parsers.sql.lexer - 1.1.0.201603142002
2017-07-28 23:28:16,161 - org.eclipse.datatools.sqltools.parsers.sql.query - 1.3.0.201603142002
2017-07-28 23:28:16,255 - org.eclipse.datatools.sqltools.parsers.sql.xml.query - 1.1.0.201603142002
2017-07-28 23:28:16,255 - org.eclipse.datatools.sqltools.parsers.sql - 1.1.0.201603142002
2017-07-28 23:28:16,470 - org.eclipse.mylyn.java.ui - 3.21.0.v20160701-1337
2017-07-28 23:28:16,697 - org.eclipse.mylyn.java.tasks - 3.21.0.v20160701-1337
2017-07-28 23:28:16,697 - org.eclipse.mylyn.ide.ui - 3.21.0.v20160701-1337
2017-07-28 23:28:16,883 - org.eclipse.mylyn.ide.ant - 3.21.0.v20160701-1337
2017-07-28 23:28:17,082 - org.eclipse.mylyn.debug.ui - 3.21.0.v20160701-1337
2017-07-28 23:28:17,298 - org.eclipse.mylyn.team.ui - 3.21.0.v20160701-1337
2017-07-28 23:28:17,431 - org.eclipse.datatools.sqltools.sql - 1.1.0.201603142002
2017-07-28 23:28:17,431 - org.eclipse.datatools.sqltools.common.ui - 1.1.0.201603142002
2017-07-28 23:28:17,431 - org.eclipse.datatools.sqltools.plan - 1.1.0.201603142002
2017-07-28 23:28:17,431 - org.eclipse.datatools.sqltools.editor.core - 1.1.0.201603142002
2017-07-28 23:28:17,431 - org.eclipse.datatools.sqltools.sqleditor - 1.1.0.201603142002
2017-07-28 23:28:17,553 - org.eclipse.datatools.sqltools.ddlgen.ui - 1.1.0.201603142002
2017-07-28 23:28:17,797 - org.eclipse.datatools.connectivity.db.generic - 1.1.0.201603142002
2017-07-28 23:28:17,797 - org.eclipse.datatools.sqltools.editor.core.ui - 1.1.0.201603142002
2017-07-28 23:28:17,797 - org.eclipse.datatools.sqltools.sql.ui - 1.1.0.201603142002
2017-07-28 23:28:17,975 - org.eclipse.emf.common.ui - 2.11.0.v20160526-0356
2017-07-28 23:28:18,131 - org.eclipse.mylyn.commons.repositories.core - 1.13.0.v20160630-1702
2017-07-28 23:28:18,132 - org.eclipse.mylyn.commons.repositories.ui - 1.13.0.v20160630-1702
2017-07-28 23:28:18,649 - org.eclipse.sequoyah.device.common.utilities - 2.1.0.N20120718-0509
2017-07-28 23:28:18,844 - org.eclipse.andmore.android.common - 0.5.0.201605181018
2017-07-28 23:28:18,904 - org.eclipse.andmore.android.codeutils - 0.5.0.201605181018
2017-07-28 23:28:19,235 - org.eclipse.andmore.android.translation - 0.5.0.201605181018
2017-07-28 23:28:19,236 - org.eclipse.andmore.android.codesnippets - 0.5.0.201605181018
2017-07-28 23:28:19,266 - org.eclipse.andmore.android.db.core - 0.5.0.201605181018
2017-07-28 23:28:19,266 - org.eclipse.andmore.android.logger - 0.5.0.201605181018
2017-07-28 23:28:19,408 - org.eclipse.andmore.android - 0.5.0.201605181018
2017-07-28 23:28:19,434 - org.eclipse.andmore.android.emulator - 0.5.0.201605181018
2017-07-28 23:28:19,482 - org.eclipse.andmore.android.launch - 0.5.0.201605181018
2017-07-28 23:28:19,488 - org.eclipse.andmore.android.packaging.ui - 0.5.0.201605181018
2017-07-28 23:28:19,849 - org.eclipse.andmore.android.handset - 0.5.0.201605181018
2017-07-28 23:28:19,883 - org.eclipse.andmore.android.remote - 0.5.0.201605181018
2017-07-28 23:28:19,883 - org.eclipse.andmore.android.win32.x86_64 - 0.5.0.201605181018
2017-07-28 23:28:19,884 - org.eclipse.andmore.android.mat - 0.5.0.201605181018
2017-07-28 23:28:19,903 - org.eclipse.andmore.android.devices.services - 0.5.0.201605181018
2017-07-28 23:28:19,990 - org.eclipse.andmore.android.db.devices - 0.5.0.201605181018
2017-07-28 23:28:20,079 - org.eclipse.andmore.android.installer - 0.5.0.201605181018
2017-07-28 23:28:20,320 - org.eclipse.andmore.android.logger.collector - 0.5.0.201605181018
2017-07-28 23:28:20,633 - org.eclipse.emf.mapping.ui - 2.7.0.v20160526-0356
2017-07-28 23:28:20,747 - org.eclipse.mylyn.monitor.core - 3.21.0.v20160630-1702
2017-07-28 23:28:20,748 - org.eclipse.mylyn.monitor.ui - 3.21.0.v20160630-1702
2017-07-28 23:28:20,895 - org.eclipse.datatools.connectivity.oda.template.ui - 3.3.0.201603142002
2017-07-28 23:28:21,065 - org.eclipse.sequoyah.vnc.vncviewer - 2.1.0.N20120718-0509
2017-07-28 23:28:21,205 - org.eclipse.emf.codegen.ecore.ui - 2.12.0.v20160526-0356
2017-07-28 23:28:21,375 - org.eclipse.emf.ecore.editor - 2.12.0.v20160526-0356
2017-07-28 23:28:21,541 - org.eclipse.epp.package.android - 4.6.3.20170314-1500
2017-07-28 23:28:21,677 - org.eclipse.mylyn.builds.core - 1.13.0.v20160704-1634
2017-07-28 23:28:21,727 - org.eclipse.mylyn.builds.ui - 1.13.0.v20160725-1817
2017-07-28 23:28:21,812 - org.eclipse.mylyn.context.core - 3.21.0.v20160701-1337
2017-07-28 23:28:21,830 - org.eclipse.mylyn.context.ui - 3.21.0.v20160701-1337
2017-07-28 23:28:21,898 - org.eclipse.mylyn.resources.ui - 3.21.0.v20160701-1337
2017-07-28 23:28:21,899 - org.eclipse.mylyn.context.tasks.ui - 3.21.0.v20160815-2336
2017-07-28 23:28:21,964 - org.eclipse.emf.databinding - 1.3.0.v20160526-0356
2017-07-28 23:28:22,075 - org.eclipse.datatools.connectivity.sqm.core.ui - 1.3.0.201603142002
2017-07-28 23:28:22,075 - org.eclipse.datatools.connectivity.sqm.core - 1.3.0.201603142002
2017-07-28 23:28:22,150 - org.eclipse.datatools.connectivity.sqm.server.ui - 1.2.0.201603142002
2017-07-28 23:28:22,150 - org.eclipse.datatools.connectivity.ui.dse - 1.2.0.201603142002
2017-07-28 23:28:22,150 - org.eclipse.datatools.connectivity.ui - 1.3.0.201603142002
2017-07-28 23:28:22,150 - org.eclipse.datatools.connectivity - 1.13.0.201603142002
2017-07-28 23:28:22,150 - org.eclipse.datatools.help - 1.6.0.201603142002
2017-07-28 23:28:22,444 - org.eclipse.datatools.connectivity.console.profile - 1.1.0.201603142002
2017-07-28 23:28:22,588 - org.eclipse.oomph.setup - 1.8.0.v20170408-0745
2017-07-28 23:28:22,647 - org.eclipse.oomph.setup.edit - 1.8.0.v20170318-0419
2017-07-28 23:28:22,660 - org.eclipse.oomph.setup.core - 1.8.0.v20170531-0903
2017-07-28 23:28:22,747 - org.eclipse.oomph.setup.sync - 1.8.0.v20170530-1735
2017-07-28 23:28:22,748 - org.eclipse.oomph.setup.p2 - 1.8.0.v20170318-0419
2017-07-28 23:28:22,749 - org.eclipse.oomph.setup.p2.edit - 1.8.0.v20170318-0419
2017-07-28 23:28:22,749 - org.eclipse.oomph.preferences - 1.8.0.v20170318-0419
2017-07-28 23:28:23,462 - org.eclipse.oomph.jreinfo - 1.8.0.v20170318-0624
2017-07-28 23:28:23,462 - org.eclipse.oomph.jreinfo.win32.x86_64 - 1.2.0.v20160426-0508
2017-07-28 23:28:23,726 - org.eclipse.oomph.extractor.lib - 1.3.0.v20161116-0647
2017-07-28 23:28:23,726 - org.apache.commons.logging - 1.1.1.v201101211721
2017-07-28 23:28:23,726 - org.apache.commons.codec - 1.9.0.v20170208-1614
2017-07-28 23:28:23,726 - org.apache.httpcomponents.httpclient - 4.5.2.v20170210-0925
2017-07-28 23:28:23,726 - org.apache.httpcomponents.httpcore - 4.4.6.v20170210-0925
