2017-07-28 03:32:47,276 [main] DEBUG class java.lang.Class - Starting Andmore Common Plugin...
2017-07-28 03:32:47,277 [main] DEBUG class java.lang.Class - Andmore Common Plugin started.
2017-07-28 03:32:47,279 [main] DEBUG class java.lang.Class - Starting Andmore Plugin...
2017-07-28 03:32:47,291 [main] DEBUG class java.lang.Class - Andmore Plugin started.
2017-07-28 03:32:52,222 [main] DEBUG class java.lang.Class - Starting Andmore Emulator Plugin...
2017-07-28 03:32:52,555 [main] DEBUG class java.lang.Class - Andmore Emulator Plugin started.
2017-07-28 03:32:52,608 [main] DEBUG class java.lang.Class - Starting Andmore Handset Plugin...
2017-07-28 03:32:52,609 [main] DEBUG class java.lang.Class - Andmore Handset Plugin started.
2017-07-28 03:32:52,640 [main] DEBUG class java.lang.Class - Starting Andmore Remote Device Plugin...
2017-07-28 03:32:52,640 [main] DEBUG class java.lang.Class - Starting Andmore Remote Device Plugin started.
2017-07-28 03:32:52,707 [main] DEBUG class java.lang.Class - Starting Andmore Device Services Plugin...
2017-07-28 03:32:52,708 [main] DEBUG class java.lang.Class - Andmore Device Services Plugin started.
2017-07-28 03:33:26,124 [main] DEBUG class java.lang.Class - Starting DDMS facade using listener...
2017-07-28 03:33:26,145 [main] DEBUG class java.lang.Class - DDMS facade started using listener.
2017-07-28 03:34:05,185 [Worker-6] ERROR Studio for Android - Handler could not be instanced(PLUGIN=org.eclipse.sequoyah.device.framework;ERROR=202)
2017-07-28 03:34:05,186 [Worker-6] ERROR Studio for Android - Handler could not be instanced(PLUGIN=org.eclipse.sequoyah.device.framework;ERROR=202)
2017-07-28 03:34:05,186 [Worker-6] ERROR Studio for Android - Handler could not be instanced(PLUGIN=org.eclipse.sequoyah.device.framework;ERROR=202)
2017-07-28 03:34:05,186 [Worker-6] ERROR Studio for Android - Handler could not be instanced(PLUGIN=org.eclipse.sequoyah.device.framework;ERROR=202)
2017-07-28 03:34:05,186 [Worker-6] ERROR Studio for Android - Handler could not be instanced(PLUGIN=org.eclipse.sequoyah.device.framework;ERROR=202)
2017-07-28 03:34:05,186 [Worker-6] ERROR Studio for Android - Handler could not be instanced(PLUGIN=org.eclipse.sequoyah.device.framework;ERROR=202)
2017-07-28 03:34:05,186 [Worker-6] ERROR Studio for Android - Handler could not be instanced(PLUGIN=org.eclipse.sequoyah.device.framework;ERROR=202)
2017-07-28 03:34:05,187 [Worker-6] ERROR Studio for Android - Handler could not be instanced(PLUGIN=org.eclipse.sequoyah.device.framework;ERROR=202)
2017-07-28 03:34:05,187 [Worker-6] ERROR Studio for Android - Handler could not be instanced(PLUGIN=org.eclipse.sequoyah.device.framework;ERROR=202)
2017-07-28 03:34:05,187 [Worker-6] ERROR Studio for Android - Handler could not be instanced(PLUGIN=org.eclipse.sequoyah.device.framework;ERROR=202)
2017-07-28 03:34:05,187 [Worker-6] ERROR Studio for Android - Handler could not be instanced(PLUGIN=org.eclipse.sequoyah.device.framework;ERROR=202)
2017-07-28 03:34:05,187 [Worker-6] ERROR Studio for Android - Handler could not be instanced(PLUGIN=org.eclipse.sequoyah.device.framework;ERROR=202)
2017-07-28 03:34:05,187 [Worker-6] ERROR Studio for Android - Handler could not be instanced(PLUGIN=org.eclipse.sequoyah.device.framework;ERROR=202)
2017-07-28 03:34:05,187 [Worker-6] ERROR Studio for Android - Handler could not be instanced(PLUGIN=org.eclipse.sequoyah.device.framework;ERROR=202)
2017-07-28 03:34:05,187 [Worker-6] ERROR Studio for Android - Handler could not be instanced(PLUGIN=org.eclipse.sequoyah.device.framework;ERROR=202)
2017-07-28 03:34:05,188 [Worker-6] ERROR Studio for Android - Handler could not be instanced(PLUGIN=org.eclipse.sequoyah.device.framework;ERROR=202)
2017-07-28 03:34:05,188 [Worker-6] ERROR Studio for Android - Handler could not be instanced(PLUGIN=org.eclipse.sequoyah.device.framework;ERROR=202)
2017-07-28 03:34:05,188 [Worker-6] ERROR Studio for Android - Handler could not be instanced(PLUGIN=org.eclipse.sequoyah.device.framework;ERROR=202)
2017-07-28 03:34:05,188 [Worker-6] ERROR Studio for Android - Handler could not be instanced(PLUGIN=org.eclipse.sequoyah.device.framework;ERROR=202)
2017-07-28 03:34:05,188 [Worker-6] ERROR Studio for Android - Handler could not be instanced(PLUGIN=org.eclipse.sequoyah.device.framework;ERROR=202)
2017-07-28 03:34:05,188 [Worker-6] ERROR Studio for Android - Handler could not be instanced(PLUGIN=org.eclipse.sequoyah.device.framework;ERROR=202)
2017-07-28 03:34:05,188 [Worker-6] ERROR Studio for Android - Handler could not be instanced(PLUGIN=org.eclipse.sequoyah.device.framework;ERROR=202)
2017-07-28 03:34:05,188 [Worker-6] ERROR Studio for Android - Handler could not be instanced(PLUGIN=org.eclipse.sequoyah.device.framework;ERROR=202)
2017-07-28 03:34:05,188 [Worker-6] ERROR Studio for Android - Handler could not be instanced(PLUGIN=org.eclipse.sequoyah.device.framework;ERROR=202)
2017-07-28 03:34:05,188 [Worker-6] ERROR Studio for Android - Handler could not be instanced(PLUGIN=org.eclipse.sequoyah.device.framework;ERROR=202)
2017-07-28 03:34:05,188 [Worker-6] ERROR Studio for Android - Handler could not be instanced(PLUGIN=org.eclipse.sequoyah.device.framework;ERROR=202)
2017-07-28 03:34:05,188 [Worker-6] ERROR Studio for Android - Handler could not be instanced(PLUGIN=org.eclipse.sequoyah.device.framework;ERROR=202)
2017-07-28 03:34:05,188 [Worker-6] ERROR Studio for Android - Handler could not be instanced(PLUGIN=org.eclipse.sequoyah.device.framework;ERROR=202)
2017-07-28 03:34:05,189 [Worker-6] ERROR Studio for Android - Handler could not be instanced(PLUGIN=org.eclipse.sequoyah.device.framework;ERROR=202)
2017-07-28 03:34:05,189 [Worker-6] ERROR Studio for Android - Handler could not be instanced(PLUGIN=org.eclipse.sequoyah.device.framework;ERROR=202)
2017-07-28 03:34:05,189 [Worker-6] INFO  Studio for Android - [Status: id=org.eclipse.andmore.android.emulator.status.offline;name=Offline]
2017-07-28 03:34:05,189 [Worker-6] INFO  Studio for Android - [Status: id=org.eclipse.andmore.android.handset.status.handsetonline;name=Online]
2017-07-28 03:34:05,189 [Worker-6] INFO  Studio for Android - [Status: id=INACTIVE;name=INACTIVE]
2017-07-28 03:34:05,189 [Worker-6] INFO  Studio for Android - [Status: id=org.eclipse.andmore.android.emulator.status.notavailable;name=Not available]
2017-07-28 03:34:05,189 [Worker-6] INFO  Studio for Android - [Status: id=IDLE;name=IDLE]
2017-07-28 03:34:05,189 [Worker-6] INFO  Studio for Android - [Status: id=org.eclipse.andmore.android.remote.status.connected;name=Connected]
2017-07-28 03:34:05,189 [Worker-6] INFO  Studio for Android - [Status: id=org.eclipse.andmore.android.remote.status.disconnected;name=Disconnected]
2017-07-28 03:34:05,189 [Worker-6] INFO  Studio for Android - [Status: id=org.eclipse.andmore.android.emulator.status.online;name=Online]
2017-07-28 03:34:05,189 [Worker-6] INFO  Studio for Android - [Status: id=OFF;name=OFF]
2017-07-28 03:34:05,189 [Worker-6] INFO  Studio for Android - [Status: id=org.eclipse.andmore.android.emulator.status.offlineNoData;name=Offline (no user data)]
2017-07-28 03:34:14,561 [Worker-1] DEBUG class org.eclipse.andmore.android.AndroidPlugin - Notify SDK loader listeners
2017-07-28 03:34:50,289 [Instance Event Manager] INFO  Studio for Android - The android device instance status was updated: Nexus Status: OFF
2017-07-28 03:34:50,293 [Instance Event Manager] INFO  Studio for Android - The android device instance status was updated: Nexus Status: org.eclipse.andmore.android.emulator.status.notavailable
2017-07-28 03:34:50,387 [main] ERROR class org.eclipse.andmore.android.emulator.device.ui.wizard.WizardMainPageOperation - Could not create AVD: Nexus
org.eclipse.core.runtime.CoreException: Could not create the Android Virtual Device: Nexus
	at org.eclipse.andmore.android.SdkUtils.createVm(SdkUtils.java:409)
	at org.eclipse.andmore.android.emulator.device.ui.wizard.WizardMainPageOperation.run(WizardMainPageOperation.java:52)
	at org.eclipse.jface.operation.ModalContext.runInCurrentThread(ModalContext.java:437)
	at org.eclipse.jface.operation.ModalContext.run(ModalContext.java:353)
	at org.eclipse.jface.wizard.WizardDialog.run(WizardDialog.java:993)
	at org.eclipse.sequoyah.device.framework.ui.wizard.DeviceTypeCustomMenuWizardPageHandler.performFinish(Unknown Source)
	at org.eclipse.sequoyah.device.framework.ui.wizard.NewDeviceMenuWizard.performFinish(Unknown Source)
	at org.eclipse.jface.wizard.WizardDialog.finishPressed(WizardDialog.java:790)
	at org.eclipse.jface.wizard.WizardDialog.buttonPressed(WizardDialog.java:423)
	at org.eclipse.jface.dialogs.Dialog$2.widgetSelected(Dialog.java:618)
	at org.eclipse.swt.widgets.TypedListener.handleEvent(TypedListener.java:249)
	at org.eclipse.swt.widgets.EventTable.sendEvent(EventTable.java:84)
	at org.eclipse.swt.widgets.Display.sendEvent(Display.java:4418)
	at org.eclipse.swt.widgets.Widget.sendEvent(Widget.java:1079)
	at org.eclipse.swt.widgets.Display.runDeferredEvents(Display.java:4236)
	at org.eclipse.swt.widgets.Display.readAndDispatch(Display.java:3824)
	at org.eclipse.jface.window.Window.runEventLoop(Window.java:818)
	at org.eclipse.jface.window.Window.open(Window.java:794)
	at org.eclipse.andmore.android.emulator.device.handlers.OpenNewDeviceWizardHandler$1.run(OpenNewDeviceWizardHandler.java:45)
	at org.eclipse.swt.widgets.RunnableLock.run(RunnableLock.java:35)
	at org.eclipse.swt.widgets.Synchronizer.runAsyncMessages(Synchronizer.java:182)
	at org.eclipse.swt.widgets.Display.runAsyncMessages(Display.java:4211)
	at org.eclipse.swt.widgets.Display.readAndDispatch(Display.java:3827)
	at org.eclipse.e4.ui.internal.workbench.swt.PartRenderingEngine$4.run(PartRenderingEngine.java:1121)
	at org.eclipse.core.databinding.observable.Realm.runWithDefault(Realm.java:336)
	at org.eclipse.e4.ui.internal.workbench.swt.PartRenderingEngine.run(PartRenderingEngine.java:1022)
	at org.eclipse.e4.ui.internal.workbench.E4Workbench.createAndRunUI(E4Workbench.java:150)
	at org.eclipse.ui.internal.Workbench$5.run(Workbench.java:693)
	at org.eclipse.core.databinding.observable.Realm.runWithDefault(Realm.java:336)
	at org.eclipse.ui.internal.Workbench.createAndRunWorkbench(Workbench.java:610)
	at org.eclipse.ui.PlatformUI.createAndRunWorkbench(PlatformUI.java:148)
	at org.eclipse.ui.internal.ide.application.IDEApplication.start(IDEApplication.java:138)
	at org.eclipse.equinox.internal.app.EclipseAppHandle.run(EclipseAppHandle.java:196)
	at org.eclipse.core.runtime.internal.adaptor.EclipseAppLauncher.runApplication(EclipseAppLauncher.java:134)
	at org.eclipse.core.runtime.internal.adaptor.EclipseAppLauncher.start(EclipseAppLauncher.java:104)
	at org.eclipse.core.runtime.adaptor.EclipseStarter.run(EclipseStarter.java:388)
	at org.eclipse.core.runtime.adaptor.EclipseStarter.run(EclipseStarter.java:243)
	at sun.reflect.NativeMethodAccessorImpl.invoke0(Native Method)
	at sun.reflect.NativeMethodAccessorImpl.invoke(Unknown Source)
	at sun.reflect.DelegatingMethodAccessorImpl.invoke(Unknown Source)
	at java.lang.reflect.Method.invoke(Unknown Source)
	at org.eclipse.equinox.launcher.Main.invokeFramework(Main.java:673)
	at org.eclipse.equinox.launcher.Main.basicRun(Main.java:610)
	at org.eclipse.equinox.launcher.Main.run(Main.java:1519)
2017-07-28 03:36:33,479 [Worker-4] ERROR Studio for Android - org.eclipse.sequoyah.localization.tools.managers.LocalizationManager: Error getting Localization Schema
2017-07-28 03:36:33,479 [Worker-4] ERROR Studio for Android - org.eclipse.sequoyah.localization.tools.managers.LocalizationManager: Error getting Localization Schema
2017-07-28 03:37:40,588 [Worker-4] DEBUG class java.lang.Class - Starting Andmore Launch Plugin...
2017-07-28 03:37:40,588 [Worker-4] DEBUG class java.lang.Class - Andmore Launch Plugin started.
2017-07-28 03:38:30,152 [Instance Event Manager] INFO  Studio for Android - The android device instance status was updated: AVD Status: OFF
2017-07-28 03:38:30,176 [main] ERROR class org.eclipse.andmore.android.emulator.device.ui.wizard.WizardMainPageOperation - Could not create AVD: AVD
org.eclipse.core.runtime.CoreException: Could not create the Android Virtual Device: AVD
	at org.eclipse.andmore.android.SdkUtils.createVm(SdkUtils.java:409)
	at org.eclipse.andmore.android.emulator.device.ui.wizard.WizardMainPageOperation.run(WizardMainPageOperation.java:52)
	at org.eclipse.jface.operation.ModalContext.runInCurrentThread(ModalContext.java:437)
	at org.eclipse.jface.operation.ModalContext.run(ModalContext.java:353)
	at org.eclipse.jface.wizard.WizardDialog.run(WizardDialog.java:993)
	at org.eclipse.sequoyah.device.framework.ui.wizard.DeviceTypeCustomMenuWizardPageHandler.performFinish(Unknown Source)
	at org.eclipse.sequoyah.device.framework.ui.wizard.NewDeviceMenuWizard.performFinish(Unknown Source)
	at org.eclipse.jface.wizard.WizardDialog.finishPressed(WizardDialog.java:790)
	at org.eclipse.jface.wizard.WizardDialog.buttonPressed(WizardDialog.java:423)
	at org.eclipse.jface.dialogs.Dialog$2.widgetSelected(Dialog.java:618)
	at org.eclipse.swt.widgets.TypedListener.handleEvent(TypedListener.java:249)
	at org.eclipse.swt.widgets.EventTable.sendEvent(EventTable.java:84)
	at org.eclipse.swt.widgets.Display.sendEvent(Display.java:4418)
	at org.eclipse.swt.widgets.Widget.sendEvent(Widget.java:1079)
	at org.eclipse.swt.widgets.Display.runDeferredEvents(Display.java:4236)
	at org.eclipse.swt.widgets.Display.readAndDispatch(Display.java:3824)
	at org.eclipse.jface.window.Window.runEventLoop(Window.java:818)
	at org.eclipse.jface.window.Window.open(Window.java:794)
	at org.eclipse.andmore.android.emulator.device.handlers.OpenNewDeviceWizardHandler$1.run(OpenNewDeviceWizardHandler.java:45)
	at org.eclipse.swt.widgets.RunnableLock.run(RunnableLock.java:35)
	at org.eclipse.swt.widgets.Synchronizer.runAsyncMessages(Synchronizer.java:182)
	at org.eclipse.swt.widgets.Display.runAsyncMessages(Display.java:4211)
	at org.eclipse.swt.widgets.Display.readAndDispatch(Display.java:3827)
	at org.eclipse.jface.window.Window.runEventLoop(Window.java:818)
	at org.eclipse.jface.window.Window.open(Window.java:794)
	at org.eclipse.debug.internal.ui.launchConfigurations.LaunchConfigurationsDialog.open(LaunchConfigurationsDialog.java:1203)
	at org.eclipse.debug.ui.DebugUITools$3.run(DebugUITools.java:629)
	at org.eclipse.swt.custom.BusyIndicator.showWhile(BusyIndicator.java:70)
	at org.eclipse.debug.ui.DebugUITools.openLaunchConfigurationDialogOnGroup(DebugUITools.java:637)
	at org.eclipse.debug.ui.DebugUITools.openLaunchConfigurationDialogOnGroup(DebugUITools.java:570)
	at org.eclipse.andmore.android.launch.StudioAndroidConfigurationDelegate$2.run(StudioAndroidConfigurationDelegate.java:287)
	at org.eclipse.swt.widgets.RunnableLock.run(RunnableLock.java:35)
	at org.eclipse.swt.widgets.Synchronizer.runAsyncMessages(Synchronizer.java:182)
	at org.eclipse.swt.widgets.Display.runAsyncMessages(Display.java:4211)
	at org.eclipse.swt.widgets.Display.readAndDispatch(Display.java:3827)
	at org.eclipse.e4.ui.internal.workbench.swt.PartRenderingEngine$4.run(PartRenderingEngine.java:1121)
	at org.eclipse.core.databinding.observable.Realm.runWithDefault(Realm.java:336)
	at org.eclipse.e4.ui.internal.workbench.swt.PartRenderingEngine.run(PartRenderingEngine.java:1022)
	at org.eclipse.e4.ui.internal.workbench.E4Workbench.createAndRunUI(E4Workbench.java:150)
	at org.eclipse.ui.internal.Workbench$5.run(Workbench.java:693)
	at org.eclipse.core.databinding.observable.Realm.runWithDefault(Realm.java:336)
	at org.eclipse.ui.internal.Workbench.createAndRunWorkbench(Workbench.java:610)
	at org.eclipse.ui.PlatformUI.createAndRunWorkbench(PlatformUI.java:148)
	at org.eclipse.ui.internal.ide.application.IDEApplication.start(IDEApplication.java:138)
	at org.eclipse.equinox.internal.app.EclipseAppHandle.run(EclipseAppHandle.java:196)
	at org.eclipse.core.runtime.internal.adaptor.EclipseAppLauncher.runApplication(EclipseAppLauncher.java:134)
	at org.eclipse.core.runtime.internal.adaptor.EclipseAppLauncher.start(EclipseAppLauncher.java:104)
	at org.eclipse.core.runtime.adaptor.EclipseStarter.run(EclipseStarter.java:388)
	at org.eclipse.core.runtime.adaptor.EclipseStarter.run(EclipseStarter.java:243)
	at sun.reflect.NativeMethodAccessorImpl.invoke0(Native Method)
	at sun.reflect.NativeMethodAccessorImpl.invoke(Unknown Source)
	at sun.reflect.DelegatingMethodAccessorImpl.invoke(Unknown Source)
	at java.lang.reflect.Method.invoke(Unknown Source)
	at org.eclipse.equinox.launcher.Main.invokeFramework(Main.java:673)
	at org.eclipse.equinox.launcher.Main.basicRun(Main.java:610)
	at org.eclipse.equinox.launcher.Main.run(Main.java:1519)
2017-07-28 03:38:30,421 [Instance Event Manager] INFO  Studio for Android - The android device instance status was updated: AVD Status: org.eclipse.andmore.android.emulator.status.notavailable
2017-07-28 03:41:30,757 [Device List Monitor] DEBUG Studio for Android - Device connected: emulator-5554
2017-07-28 03:41:31,022 [Instance Event Manager] INFO  Studio for Android - The android device instance status was updated: Ash Status: OFF
2017-07-28 03:41:31,031 [Instance Event Manager] INFO  Studio for Android - The android device instance status was updated: Ash Status: org.eclipse.andmore.android.emulator.status.notavailable
2017-07-28 03:41:32,980 [Instance Event Manager] INFO  Studio for Android - The android device instance status was updated: Ash Status: org.eclipse.andmore.android.emulator.status.offlineNoData
2017-07-28 03:41:33,208 [Device List Monitor] INFO  Studio for Android - The TmL Instance is not started/Starting, but the emulator/VM is already online. Execute a dummy start service to force a transition to start status...
2017-07-28 03:41:33,485 [Device List Monitor] INFO  Studio for Android - Try to get Timeout property from Ash
2017-07-28 03:41:33,488 [Device List Monitor] DEBUG Studio for Android - Retrieved start logic: org.eclipse.andmore.android.emulator10.StartAndroidEmulatorLogic@7292795e
2017-07-28 03:41:33,488 [Device List Monitor] DEBUG Studio for Android - Finished Execution of the start emulator service... :Ash Status => Status OK: unknown code=0 OK null
2017-07-28 03:41:33,488 [Device List Monitor] INFO  Studio for Android - Added instance Ash using default emulator definitions 
2017-07-28 03:41:33,489 [Instance Event Manager] INFO  Studio for Android - The android device instance status was updated: Ash Status: org.eclipse.andmore.android.emulator.status.online
2017-07-28 03:41:33,489 [Device List Monitor] INFO  Studio for Android - New Device connected at emulator-5554
2017-07-28 03:41:33,563 [Instance Event Manager] INFO  Studio for Android - The emulator Ash transitioned to started state. Try to estabilish a VNC connection...
2017-07-28 03:42:01,159 [Device List Monitor] DEBUG Studio for Android - Device changed: emulator-5554
2017-07-28 03:44:04,586 [Thread-61] DEBUG Studio for Android - Completely Up Device: emulator-5554
2017-07-28 03:44:34,630 [Thread-87] DEBUG Studio for Android - Completely Up Device: emulator-5554
2017-07-28 03:49:31,764 [Device List Monitor] DEBUG Studio for Android - Device disconnected: emulator-5554
2017-07-28 03:49:48,221 [main] DEBUG class java.lang.Class - Starting Eclipse Andmore Database Core Plugin...
2017-07-28 03:49:48,548 [main] DEBUG Studio for Android - JDBC Driver Location:bundleentry://72.fwk1308244637/res/androidjdbc.jar JDBC Driver getBundle().getLocation():reference:file:/C:/Users/TEMP.ASH-PC.005/.p2/pool/plugins/org.eclipse.andmore.android.common_0.5.0.201605181018.jar
2017-07-28 03:49:48,630 [main] DEBUG Studio for Android - JDBC Driver Path:D:\eclipseIDEAndroid\eclipse\configuration\org.eclipse.osgi\72\0\.cp\res\androidjdbc.jar
2017-07-28 03:49:48,630 [main] DEBUG Studio for Android - JDBC Driver Location:bundleentry://72.fwk1308244637/res/androidjdbc.jar JDBC Driver getBundle().getLocation():reference:file:/C:/Users/TEMP.ASH-PC.005/.p2/pool/plugins/org.eclipse.andmore.android.common_0.5.0.201605181018.jar
2017-07-28 03:49:48,630 [main] DEBUG Studio for Android - JDBC Driver Path:D:\eclipseIDEAndroid\eclipse\configuration\org.eclipse.osgi\72\0\.cp\res\androidjdbc.jar
2017-07-28 03:49:48,644 [main] INFO  Studio for Android - Created a JDBC driver instance at Data Tools.
2017-07-28 03:49:48,669 [main] DEBUG class java.lang.Class - Eclipse Andmore Database Core Plugin started.
2017-07-28 03:49:48,692 [main] DEBUG class java.lang.Class - Starting Eclipse Andmore Database Devices Support Plugin...
2017-07-28 03:49:48,713 [main] DEBUG class java.lang.Class - Eclipse Andmore Database Devices Support Plugin started...
2017-07-28 03:49:52,476 [Framework stop] DEBUG Studio for Android - org.eclipse.sequoyah.device.service.start.StartServicePlugin-SHUTDOWN
2017-07-28 03:49:52,614 [Framework stop] DEBUG Studio for Android - org.eclipse.sequoyah.device.framework.ui.DeviceUIPlugin-SHUTDOWN
2017-07-28 03:49:52,614 [Framework stop] DEBUG Studio for Android - org.eclipse.sequoyah.device.service.stop.StopServicePlugin-SHUTDOWN
2017-07-28 03:49:52,614 [Framework stop] DEBUG Studio for Android - org.eclipse.sequoyah.device.framework.DevicePlugin-SHUTDOWN
2017-07-28 23:28:23,726 [Worker-3] DEBUG class java.lang.Class - Starting Andmore Common Plugin...
2017-07-28 23:28:23,749 [Worker-3] DEBUG class java.lang.Class - Andmore Common Plugin started.
2017-07-28 23:28:23,750 [Worker-3] DEBUG class java.lang.Class - Starting Andmore Plugin...
2017-07-28 23:28:23,777 [Worker-3] DEBUG class java.lang.Class - Andmore Plugin started.
2017-07-28 23:28:23,955 [Worker-3] DEBUG class java.lang.Class - Starting Andmore Emulator Plugin...
2017-07-28 23:28:24,125 [Worker-3] DEBUG class java.lang.Class - Andmore Emulator Plugin started.
2017-07-28 23:28:24,280 [Worker-3] DEBUG class java.lang.Class - Starting Andmore Handset Plugin...
2017-07-28 23:28:24,280 [Worker-3] DEBUG class java.lang.Class - Andmore Handset Plugin started.
2017-07-28 23:28:24,351 [Worker-3] DEBUG class java.lang.Class - Starting Andmore Remote Device Plugin...
2017-07-28 23:28:24,352 [Worker-3] DEBUG class java.lang.Class - Starting Andmore Remote Device Plugin started.
2017-07-28 23:28:24,439 [Worker-3] DEBUG class java.lang.Class - Starting Andmore Device Services Plugin...
2017-07-28 23:28:24,439 [Worker-3] DEBUG class java.lang.Class - Andmore Device Services Plugin started.
2017-07-28 23:28:24,592 [Instance Event Manager] INFO  Studio for Android - The android device instance status was updated: AVD Status: OFF
2017-07-28 23:28:24,593 [Instance Event Manager] INFO  Studio for Android - The android device instance status was updated: Nexus Status: OFF
2017-07-28 23:28:24,594 [Instance Event Manager] INFO  Studio for Android - The android device instance status was updated: Ash Status: OFF
2017-07-28 23:28:24,595 [Instance Event Manager] INFO  Studio for Android - The android device instance status was updated: AVD Status: org.eclipse.andmore.android.emulator.status.notavailable
2017-07-28 23:28:24,595 [Instance Event Manager] INFO  Studio for Android - The android device instance status was updated: Nexus Status: org.eclipse.andmore.android.emulator.status.notavailable
2017-07-28 23:28:24,595 [Instance Event Manager] INFO  Studio for Android - The android device instance status was updated: Ash Status: org.eclipse.andmore.android.emulator.status.notavailable
2017-07-28 23:29:43,088 [Worker-3] ERROR Studio for Android - Handler could not be instanced(PLUGIN=org.eclipse.sequoyah.device.framework;ERROR=202)
2017-07-28 23:29:43,088 [Worker-3] ERROR Studio for Android - Handler could not be instanced(PLUGIN=org.eclipse.sequoyah.device.framework;ERROR=202)
2017-07-28 23:29:43,089 [Worker-3] ERROR Studio for Android - Handler could not be instanced(PLUGIN=org.eclipse.sequoyah.device.framework;ERROR=202)
2017-07-28 23:29:43,089 [Worker-3] ERROR Studio for Android - Handler could not be instanced(PLUGIN=org.eclipse.sequoyah.device.framework;ERROR=202)
2017-07-28 23:29:43,089 [Worker-3] ERROR Studio for Android - Handler could not be instanced(PLUGIN=org.eclipse.sequoyah.device.framework;ERROR=202)
2017-07-28 23:29:43,089 [Worker-3] ERROR Studio for Android - Handler could not be instanced(PLUGIN=org.eclipse.sequoyah.device.framework;ERROR=202)
2017-07-28 23:29:43,089 [Worker-3] ERROR Studio for Android - Handler could not be instanced(PLUGIN=org.eclipse.sequoyah.device.framework;ERROR=202)
2017-07-28 23:29:43,089 [Worker-3] ERROR Studio for Android - Handler could not be instanced(PLUGIN=org.eclipse.sequoyah.device.framework;ERROR=202)
2017-07-28 23:29:43,090 [Worker-3] ERROR Studio for Android - Handler could not be instanced(PLUGIN=org.eclipse.sequoyah.device.framework;ERROR=202)
2017-07-28 23:29:43,090 [Worker-3] ERROR Studio for Android - Handler could not be instanced(PLUGIN=org.eclipse.sequoyah.device.framework;ERROR=202)
2017-07-28 23:29:43,090 [Worker-3] ERROR Studio for Android - Handler could not be instanced(PLUGIN=org.eclipse.sequoyah.device.framework;ERROR=202)
2017-07-28 23:29:43,090 [Worker-3] ERROR Studio for Android - Handler could not be instanced(PLUGIN=org.eclipse.sequoyah.device.framework;ERROR=202)
2017-07-28 23:29:43,090 [Worker-3] ERROR Studio for Android - Handler could not be instanced(PLUGIN=org.eclipse.sequoyah.device.framework;ERROR=202)
2017-07-28 23:29:43,090 [Worker-3] ERROR Studio for Android - Handler could not be instanced(PLUGIN=org.eclipse.sequoyah.device.framework;ERROR=202)
2017-07-28 23:29:43,090 [Worker-3] ERROR Studio for Android - Handler could not be instanced(PLUGIN=org.eclipse.sequoyah.device.framework;ERROR=202)
2017-07-28 23:29:43,090 [Worker-3] ERROR Studio for Android - Handler could not be instanced(PLUGIN=org.eclipse.sequoyah.device.framework;ERROR=202)
2017-07-28 23:29:43,090 [Worker-3] ERROR Studio for Android - Handler could not be instanced(PLUGIN=org.eclipse.sequoyah.device.framework;ERROR=202)
2017-07-28 23:29:43,091 [Worker-3] ERROR Studio for Android - Handler could not be instanced(PLUGIN=org.eclipse.sequoyah.device.framework;ERROR=202)
2017-07-28 23:29:43,091 [Worker-3] ERROR Studio for Android - Handler could not be instanced(PLUGIN=org.eclipse.sequoyah.device.framework;ERROR=202)
2017-07-28 23:29:43,091 [Worker-3] ERROR Studio for Android - Handler could not be instanced(PLUGIN=org.eclipse.sequoyah.device.framework;ERROR=202)
2017-07-28 23:29:43,091 [Worker-3] ERROR Studio for Android - Handler could not be instanced(PLUGIN=org.eclipse.sequoyah.device.framework;ERROR=202)
2017-07-28 23:29:43,091 [Worker-3] ERROR Studio for Android - Handler could not be instanced(PLUGIN=org.eclipse.sequoyah.device.framework;ERROR=202)
2017-07-28 23:29:43,091 [Worker-3] ERROR Studio for Android - Handler could not be instanced(PLUGIN=org.eclipse.sequoyah.device.framework;ERROR=202)
2017-07-28 23:29:43,091 [Worker-3] ERROR Studio for Android - Handler could not be instanced(PLUGIN=org.eclipse.sequoyah.device.framework;ERROR=202)
2017-07-28 23:29:43,091 [Worker-3] ERROR Studio for Android - Handler could not be instanced(PLUGIN=org.eclipse.sequoyah.device.framework;ERROR=202)
2017-07-28 23:29:43,091 [Worker-3] ERROR Studio for Android - Handler could not be instanced(PLUGIN=org.eclipse.sequoyah.device.framework;ERROR=202)
2017-07-28 23:29:43,091 [Worker-3] ERROR Studio for Android - Handler could not be instanced(PLUGIN=org.eclipse.sequoyah.device.framework;ERROR=202)
2017-07-28 23:29:43,091 [Worker-3] ERROR Studio for Android - Handler could not be instanced(PLUGIN=org.eclipse.sequoyah.device.framework;ERROR=202)
2017-07-28 23:29:43,092 [Worker-3] ERROR Studio for Android - Handler could not be instanced(PLUGIN=org.eclipse.sequoyah.device.framework;ERROR=202)
2017-07-28 23:29:43,092 [Worker-3] ERROR Studio for Android - Handler could not be instanced(PLUGIN=org.eclipse.sequoyah.device.framework;ERROR=202)
2017-07-28 23:29:43,092 [Worker-3] INFO  Studio for Android - [Status: id=org.eclipse.andmore.android.emulator.status.offline;name=Offline]
2017-07-28 23:29:43,092 [Worker-3] INFO  Studio for Android - [Status: id=org.eclipse.andmore.android.handset.status.handsetonline;name=Online]
2017-07-28 23:29:43,092 [Worker-3] INFO  Studio for Android - [Status: id=INACTIVE;name=INACTIVE]
2017-07-28 23:29:43,092 [Worker-3] INFO  Studio for Android - [Status: id=org.eclipse.andmore.android.emulator.status.notavailable;name=Not available]
2017-07-28 23:29:43,092 [Worker-3] INFO  Studio for Android - [Status: id=IDLE;name=IDLE]
2017-07-28 23:29:43,092 [Worker-3] INFO  Studio for Android - [Status: id=org.eclipse.andmore.android.remote.status.connected;name=Connected]
2017-07-28 23:29:43,092 [Worker-3] INFO  Studio for Android - [Status: id=org.eclipse.andmore.android.remote.status.disconnected;name=Disconnected]
2017-07-28 23:29:43,092 [Worker-3] INFO  Studio for Android - [Status: id=org.eclipse.andmore.android.emulator.status.online;name=Online]
2017-07-28 23:29:43,092 [Worker-3] INFO  Studio for Android - [Status: id=OFF;name=OFF]
2017-07-28 23:29:43,092 [Worker-3] INFO  Studio for Android - [Status: id=org.eclipse.andmore.android.emulator.status.offlineNoData;name=Offline (no user data)]
2017-07-28 23:29:47,704 [ModalContext] ERROR Studio for Android - org.eclipse.sequoyah.localization.tools.managers.LocalizationManager: Error getting Localization Schema
2017-07-28 23:29:47,704 [ModalContext] ERROR Studio for Android - org.eclipse.sequoyah.localization.tools.managers.LocalizationManager: Error getting Localization Schema
2017-07-28 23:29:47,704 [ModalContext] ERROR Studio for Android - org.eclipse.sequoyah.localization.tools.managers.LocalizationManager: Error getting Localization Schema
2017-07-28 23:29:47,704 [ModalContext] ERROR Studio for Android - org.eclipse.sequoyah.localization.tools.managers.LocalizationManager: Error getting Localization Schema
2017-07-28 23:29:47,704 [ModalContext] ERROR Studio for Android - org.eclipse.sequoyah.localization.tools.managers.LocalizationManager: Error getting Localization Schema
2017-07-28 23:29:47,704 [ModalContext] ERROR Studio for Android - org.eclipse.sequoyah.localization.tools.managers.LocalizationManager: Error getting Localization Schema
2017-07-28 23:29:47,704 [ModalContext] ERROR Studio for Android - org.eclipse.sequoyah.localization.tools.managers.LocalizationManager: Error getting Localization Schema
2017-07-28 23:29:47,704 [ModalContext] ERROR Studio for Android - org.eclipse.sequoyah.localization.tools.managers.LocalizationManager: Error getting Localization Schema
2017-07-28 23:29:47,704 [ModalContext] ERROR Studio for Android - org.eclipse.sequoyah.localization.tools.managers.LocalizationManager: Error getting Localization Schema
2017-07-28 23:29:47,704 [ModalContext] ERROR Studio for Android - org.eclipse.sequoyah.localization.tools.managers.LocalizationManager: Error getting Localization Schema
2017-07-28 23:29:47,704 [ModalContext] ERROR Studio for Android - org.eclipse.sequoyah.localization.tools.managers.LocalizationManager: Error getting Localization Schema
2017-07-28 23:29:47,704 [ModalContext] ERROR Studio for Android - org.eclipse.sequoyah.localization.tools.managers.LocalizationManager: Error getting Localization Schema
2017-07-28 23:29:47,704 [ModalContext] ERROR Studio for Android - org.eclipse.sequoyah.localization.tools.managers.LocalizationManager: Error getting Localization Schema
2017-07-28 23:29:47,705 [ModalContext] ERROR Studio for Android - org.eclipse.sequoyah.localization.tools.managers.LocalizationManager: Error getting Localization Schema
2017-07-28 23:29:47,705 [ModalContext] ERROR Studio for Android - org.eclipse.sequoyah.localization.tools.managers.LocalizationManager: Error getting Localization Schema
2017-07-28 23:29:47,705 [ModalContext] ERROR Studio for Android - org.eclipse.sequoyah.localization.tools.managers.LocalizationManager: Error getting Localization Schema
2017-07-28 23:29:47,705 [ModalContext] ERROR Studio for Android - org.eclipse.sequoyah.localization.tools.managers.LocalizationManager: Error getting Localization Schema
2017-07-28 23:29:47,705 [ModalContext] ERROR Studio for Android - org.eclipse.sequoyah.localization.tools.managers.LocalizationManager: Error getting Localization Schema
2017-07-28 23:29:47,705 [ModalContext] ERROR Studio for Android - org.eclipse.sequoyah.localization.tools.managers.LocalizationManager: Error getting Localization Schema
2017-07-28 23:29:47,705 [ModalContext] ERROR Studio for Android - org.eclipse.sequoyah.localization.tools.managers.LocalizationManager: Error getting Localization Schema
2017-07-28 23:29:47,705 [ModalContext] ERROR Studio for Android - org.eclipse.sequoyah.localization.tools.managers.LocalizationManager: Error getting Localization Schema
2017-07-28 23:29:47,705 [ModalContext] ERROR Studio for Android - org.eclipse.sequoyah.localization.tools.managers.LocalizationManager: Error getting Localization Schema
2017-07-28 23:29:47,705 [ModalContext] ERROR Studio for Android - org.eclipse.sequoyah.localization.tools.managers.LocalizationManager: Error getting Localization Schema
2017-07-28 23:29:47,705 [ModalContext] ERROR Studio for Android - org.eclipse.sequoyah.localization.tools.managers.LocalizationManager: Error getting Localization Schema
2017-07-28 23:29:47,705 [ModalContext] ERROR Studio for Android - org.eclipse.sequoyah.localization.tools.managers.LocalizationManager: Error getting Localization Schema
2017-07-28 23:29:47,705 [ModalContext] ERROR Studio for Android - org.eclipse.sequoyah.localization.tools.managers.LocalizationManager: Error getting Localization Schema
2017-07-28 23:29:47,705 [ModalContext] ERROR Studio for Android - org.eclipse.sequoyah.localization.tools.managers.LocalizationManager: Error getting Localization Schema
2017-07-28 23:29:47,705 [ModalContext] ERROR Studio for Android - org.eclipse.sequoyah.localization.tools.managers.LocalizationManager: Error getting Localization Schema
2017-07-28 23:29:47,705 [ModalContext] ERROR Studio for Android - org.eclipse.sequoyah.localization.tools.managers.LocalizationManager: Error getting Localization Schema
2017-07-28 23:29:47,705 [ModalContext] ERROR Studio for Android - org.eclipse.sequoyah.localization.tools.managers.LocalizationManager: Error getting Localization Schema
2017-07-28 23:29:47,705 [ModalContext] ERROR Studio for Android - org.eclipse.sequoyah.localization.tools.managers.LocalizationManager: Error getting Localization Schema
2017-07-28 23:29:47,705 [ModalContext] ERROR Studio for Android - org.eclipse.sequoyah.localization.tools.managers.LocalizationManager: Error getting Localization Schema
2017-07-28 23:29:47,705 [ModalContext] ERROR Studio for Android - org.eclipse.sequoyah.localization.tools.managers.LocalizationManager: Error getting Localization Schema
2017-07-28 23:29:47,706 [ModalContext] ERROR Studio for Android - org.eclipse.sequoyah.localization.tools.managers.LocalizationManager: Error getting Localization Schema
2017-07-28 23:29:47,706 [ModalContext] ERROR Studio for Android - org.eclipse.sequoyah.localization.tools.managers.LocalizationManager: Error getting Localization Schema
2017-07-28 23:29:47,706 [ModalContext] ERROR Studio for Android - org.eclipse.sequoyah.localization.tools.managers.LocalizationManager: Error getting Localization Schema
2017-07-28 23:29:47,706 [ModalContext] ERROR Studio for Android - org.eclipse.sequoyah.localization.tools.managers.LocalizationManager: Error getting Localization Schema
2017-07-28 23:29:47,706 [ModalContext] ERROR Studio for Android - org.eclipse.sequoyah.localization.tools.managers.LocalizationManager: Error getting Localization Schema
2017-07-28 23:30:43,989 [ModalContext] ERROR Studio for Android - org.eclipse.sequoyah.localization.tools.managers.LocalizationManager: Error getting Localization Schema
2017-07-28 23:30:43,989 [ModalContext] ERROR Studio for Android - org.eclipse.sequoyah.localization.tools.managers.LocalizationManager: Error getting Localization Schema
2017-07-28 23:30:43,989 [ModalContext] ERROR Studio for Android - org.eclipse.sequoyah.localization.tools.managers.LocalizationManager: Error getting Localization Schema
2017-07-28 23:30:43,989 [ModalContext] ERROR Studio for Android - org.eclipse.sequoyah.localization.tools.managers.LocalizationManager: Error getting Localization Schema
2017-07-28 23:30:43,989 [ModalContext] ERROR Studio for Android - org.eclipse.sequoyah.localization.tools.managers.LocalizationManager: Error getting Localization Schema
2017-07-28 23:30:43,989 [ModalContext] ERROR Studio for Android - org.eclipse.sequoyah.localization.tools.managers.LocalizationManager: Error getting Localization Schema
2017-07-28 23:30:43,989 [ModalContext] ERROR Studio for Android - org.eclipse.sequoyah.localization.tools.managers.LocalizationManager: Error getting Localization Schema
2017-07-28 23:30:43,989 [ModalContext] ERROR Studio for Android - org.eclipse.sequoyah.localization.tools.managers.LocalizationManager: Error getting Localization Schema
2017-07-28 23:30:43,989 [ModalContext] ERROR Studio for Android - org.eclipse.sequoyah.localization.tools.managers.LocalizationManager: Error getting Localization Schema
2017-07-28 23:30:43,989 [ModalContext] ERROR Studio for Android - org.eclipse.sequoyah.localization.tools.managers.LocalizationManager: Error getting Localization Schema
2017-07-28 23:30:43,989 [ModalContext] ERROR Studio for Android - org.eclipse.sequoyah.localization.tools.managers.LocalizationManager: Error getting Localization Schema
2017-07-28 23:30:43,989 [ModalContext] ERROR Studio for Android - org.eclipse.sequoyah.localization.tools.managers.LocalizationManager: Error getting Localization Schema
2017-07-28 23:30:43,989 [ModalContext] ERROR Studio for Android - org.eclipse.sequoyah.localization.tools.managers.LocalizationManager: Error getting Localization Schema
2017-07-28 23:30:43,989 [ModalContext] ERROR Studio for Android - org.eclipse.sequoyah.localization.tools.managers.LocalizationManager: Error getting Localization Schema
2017-07-28 23:30:43,989 [ModalContext] ERROR Studio for Android - org.eclipse.sequoyah.localization.tools.managers.LocalizationManager: Error getting Localization Schema
2017-07-28 23:30:43,989 [ModalContext] ERROR Studio for Android - org.eclipse.sequoyah.localization.tools.managers.LocalizationManager: Error getting Localization Schema
2017-07-28 23:30:43,989 [ModalContext] ERROR Studio for Android - org.eclipse.sequoyah.localization.tools.managers.LocalizationManager: Error getting Localization Schema
2017-07-28 23:30:43,989 [ModalContext] ERROR Studio for Android - org.eclipse.sequoyah.localization.tools.managers.LocalizationManager: Error getting Localization Schema
2017-07-28 23:30:43,990 [ModalContext] ERROR Studio for Android - org.eclipse.sequoyah.localization.tools.managers.LocalizationManager: Error getting Localization Schema
2017-07-28 23:30:43,990 [ModalContext] ERROR Studio for Android - org.eclipse.sequoyah.localization.tools.managers.LocalizationManager: Error getting Localization Schema
2017-07-28 23:30:43,990 [ModalContext] ERROR Studio for Android - org.eclipse.sequoyah.localization.tools.managers.LocalizationManager: Error getting Localization Schema
2017-07-28 23:30:43,990 [ModalContext] ERROR Studio for Android - org.eclipse.sequoyah.localization.tools.managers.LocalizationManager: Error getting Localization Schema
2017-07-28 23:30:43,990 [ModalContext] ERROR Studio for Android - org.eclipse.sequoyah.localization.tools.managers.LocalizationManager: Error getting Localization Schema
2017-07-28 23:30:43,990 [ModalContext] ERROR Studio for Android - org.eclipse.sequoyah.localization.tools.managers.LocalizationManager: Error getting Localization Schema
2017-07-28 23:30:43,990 [ModalContext] ERROR Studio for Android - org.eclipse.sequoyah.localization.tools.managers.LocalizationManager: Error getting Localization Schema
2017-07-28 23:30:43,990 [ModalContext] ERROR Studio for Android - org.eclipse.sequoyah.localization.tools.managers.LocalizationManager: Error getting Localization Schema
2017-07-28 23:30:43,990 [ModalContext] ERROR Studio for Android - org.eclipse.sequoyah.localization.tools.managers.LocalizationManager: Error getting Localization Schema
2017-07-28 23:30:43,990 [ModalContext] ERROR Studio for Android - org.eclipse.sequoyah.localization.tools.managers.LocalizationManager: Error getting Localization Schema
2017-07-28 23:30:43,990 [ModalContext] ERROR Studio for Android - org.eclipse.sequoyah.localization.tools.managers.LocalizationManager: Error getting Localization Schema
2017-07-28 23:30:43,990 [ModalContext] ERROR Studio for Android - org.eclipse.sequoyah.localization.tools.managers.LocalizationManager: Error getting Localization Schema
2017-07-28 23:30:43,990 [ModalContext] ERROR Studio for Android - org.eclipse.sequoyah.localization.tools.managers.LocalizationManager: Error getting Localization Schema
2017-07-28 23:30:43,990 [ModalContext] ERROR Studio for Android - org.eclipse.sequoyah.localization.tools.managers.LocalizationManager: Error getting Localization Schema
2017-07-28 23:30:43,990 [ModalContext] ERROR Studio for Android - org.eclipse.sequoyah.localization.tools.managers.LocalizationManager: Error getting Localization Schema
2017-07-28 23:30:43,990 [ModalContext] ERROR Studio for Android - org.eclipse.sequoyah.localization.tools.managers.LocalizationManager: Error getting Localization Schema
2017-07-28 23:30:43,990 [ModalContext] ERROR Studio for Android - org.eclipse.sequoyah.localization.tools.managers.LocalizationManager: Error getting Localization Schema
2017-07-28 23:30:43,990 [ModalContext] ERROR Studio for Android - org.eclipse.sequoyah.localization.tools.managers.LocalizationManager: Error getting Localization Schema
2017-07-28 23:30:43,990 [ModalContext] ERROR Studio for Android - org.eclipse.sequoyah.localization.tools.managers.LocalizationManager: Error getting Localization Schema
2017-07-28 23:30:43,990 [ModalContext] ERROR Studio for Android - org.eclipse.sequoyah.localization.tools.managers.LocalizationManager: Error getting Localization Schema
2017-07-28 23:32:11,799 [Worker-10] ERROR Studio for Android - org.eclipse.sequoyah.localization.tools.managers.LocalizationManager: Error getting Localization Schema
2017-07-28 23:32:11,799 [Worker-10] ERROR Studio for Android - org.eclipse.sequoyah.localization.tools.managers.LocalizationManager: Error getting Localization Schema
2017-07-28 23:32:43,761 [main] DEBUG class java.lang.Class - Starting Eclipse Andmore Database Core Plugin...
2017-07-28 23:32:43,843 [main] DEBUG Studio for Android - JDBC Driver Location:bundleentry://72.fwk1875532039/res/androidjdbc.jar JDBC Driver getBundle().getLocation():reference:file:/C:/Users/TEMP.ASH-PC.005/.p2/pool/plugins/org.eclipse.andmore.android.common_0.5.0.201605181018.jar
2017-07-28 23:32:43,843 [main] DEBUG Studio for Android - JDBC Driver Path:D:\eclipseIDEAndroid\eclipse\configuration\org.eclipse.osgi\72\0\.cp\res\androidjdbc.jar
2017-07-28 23:32:43,843 [main] DEBUG Studio for Android - JDBC Driver Location:bundleentry://72.fwk1875532039/res/androidjdbc.jar JDBC Driver getBundle().getLocation():reference:file:/C:/Users/TEMP.ASH-PC.005/.p2/pool/plugins/org.eclipse.andmore.android.common_0.5.0.201605181018.jar
2017-07-28 23:32:43,843 [main] DEBUG Studio for Android - JDBC Driver Path:D:\eclipseIDEAndroid\eclipse\configuration\org.eclipse.osgi\72\0\.cp\res\androidjdbc.jar
2017-07-28 23:32:43,849 [main] DEBUG class java.lang.Class - Eclipse Andmore Database Core Plugin started.
2017-07-28 23:32:43,850 [main] DEBUG class java.lang.Class - Starting Eclipse Andmore Database Devices Support Plugin...
2017-07-28 23:32:43,864 [main] DEBUG class java.lang.Class - Eclipse Andmore Database Devices Support Plugin started...
2017-07-28 23:32:44,600 [Framework stop] DEBUG Studio for Android - org.eclipse.sequoyah.device.service.start.StartServicePlugin-SHUTDOWN
2017-07-28 23:32:44,632 [Framework stop] DEBUG Studio for Android - org.eclipse.sequoyah.device.framework.ui.DeviceUIPlugin-SHUTDOWN
2017-07-28 23:32:44,632 [Framework stop] DEBUG Studio for Android - org.eclipse.sequoyah.device.service.stop.StopServicePlugin-SHUTDOWN
2017-07-28 23:32:44,632 [Framework stop] DEBUG Studio for Android - org.eclipse.sequoyah.device.framework.DevicePlugin-SHUTDOWN
